<2020-07-11 10:32:10> [INFO]  Try to delete reply 长期招人，完全免费一天50 80不嫌少的话可以私聊，上手容易，我全天都在🍀 post by abc阳仔98/🍼寻觅
<2020-07-11 10:32:17> [INFO]  Try to delete reply 对吧主有意d我， post by 冠婷玉/None
<2020-07-11 10:32:18> [INFO]  Try to delete reply 对吧主有意d我， post by 冠婷玉/None
<2020-07-11 10:32:19> [INFO]  Try to delete reply 【本吧推荐】淘宝京东苏宁购物一首线报群，每天整点限时秒杀半价、促销商品都是好价，豪车、bug单、日常活动以及节日大促活动豪车多多！群里各种各样的好东西，每天更新，欢迎入驻！ post by changudq520/根根♤
<2020-07-11 10:32:24> [INFO]  Try to delete reply 每晚6点来拍卖群拣白菜！四坑拍麦群@银河3958761实物拍麦群@9692050 post by 花裙边的懒猫/None
<2020-07-11 10:32:32> [INFO]  Try to delete reply 长期招人，完全免费一天50 80不嫌少的话可以私聊，上手容易，我全天都在🍀 post by abc阳仔98/🍼寻觅
<2020-07-11 10:32:33> [INFO]  Try to delete reply 长期招人，完全免费一天50 80不嫌少的话可以私聊，上手容易，我全天都在🍀 post by abc阳仔98/🍼寻觅
<2020-07-11 10:32:34> [INFO]  Try to delete reply 长期招人，完全免费一天50 80不嫌少的话可以私聊，上手容易，我全天都在🍀 post by abc阳仔98/🍼寻觅
<2020-07-11 10:32:38> [INFO]  Try to delete reply 长期招人，完全免费一天50 80不嫌少的话可以私聊，上手容易，我全天都在🍀 post by abc阳仔98/🍼寻觅
<2020-07-11 10:32:43> [INFO]  Try to delete reply  post by wen63580275/None
<2020-07-11 10:32:45> [INFO]  Try to delete reply 长期招人，完全免费一天50 80不嫌少的话可以私聊，上手容易，我全天都在🍀 post by abc阳仔98/🍼寻觅
<2020-07-11 10:32:46> [INFO]  Try to delete reply 长期招人，完全免费一天50 80不嫌少的话可以私聊，上手容易，我全天都在🍀 post by abc阳仔98/🍼寻觅
<2020-07-11 10:32:49> [INFO]  Try to delete reply 老婆老婆 post by 本名刘波/波波酱萌萌哒🐶
<2020-07-11 10:32:49> [INFO]  Try to delete reply 长期招人，完全免费一天50 80不嫌少的话可以私聊，上手容易，我全天都在🍀 post by abc阳仔98/🍼寻觅
<2020-07-11 10:32:51> [INFO]  Try to delete reply 老婆老婆 post by 本名刘波/波波酱萌萌哒🐶
<2020-07-11 10:32:51> [INFO]  Try to delete reply 长期招人，完全免费一天50 80不嫌少的话可以私聊，上手容易，我全天都在🍀 post by abc阳仔98/🍼寻觅
<2020-07-11 10:32:54> [INFO]  Try to delete reply 长期招人，完全免费一天50 80不嫌少的话可以私聊，上手容易，我全天都在🍀 post by abc阳仔98/🍼寻觅
<2020-07-11 10:32:55> [INFO]  Try to delete reply 作为一个资深的薅羊毛党，研究操作多年，给大家说说薅羊毛最简单粗暴的方法，没有套路，车门焊死，上车出发！自从被人带入垃圾佬大队后，每天都不能自拔，越来越上瘾！自己找是不太可能的，因为你没有时间和精力，下面就说一说关于撸羊毛的知识：首先你要有个线报群，专门发一些优惠活动，还有bug方案，这样你就能及时上车了。如何得到最新情报，像羊毛党都有个集中信息群，羊毛党的信息最多最快，全网的线报都在他们手上。买东西的时候一定要仔细看清楚文案怎么买，不然购买方案不对，会买错了，容易错过车，羊毛一般分为漏洞单，天猫超市一分购，活动红包，各种神券抢购，京东优惠双叠加，商家刷销量等等首先是漏洞单，一般情况下是商家设置优惠错误，导致我们以极低的价格购买，零撸或者几毛几分.普通商家的也不推荐购买，买就买京东自营等大商家的，稳发货！然后是天猫超市一分购，天猫超市每天都会更新好多的一分钱商品，群里会更新极低价包邮款，带上包邮款就可以避免天猫超市高昂的邮费了，这样就可以撸天猫超市的羊毛了！活动红包每次搞活动京东红包特别大，上次群里发的城城分现金，每个人好几个号，每个号一百，确实撸爽了！淘宝红包活动也有很多，这里就不提了，京东淘宝的神券有很多，但是官方不大力推广的话，个人很少会发现！这时候群的作用就体现出来了！然后是京东优惠双叠加，因为京东最近才刚开始实行优惠双叠加，所以这个多的不能再多了！基本上每晚都有，许多都是京东自营，稳发货的！其次是商家大促了！不要以为双十一力度就大了！双十一没销量的话淘宝根本不会推荐，所以商家要提前促销，赔本赚吆喝，双十一赚回来，我们就趁他们促销的时候捡漏，实现比肩双十一的巨大优惠！类似的神车还有很多都是我和群里的小伙伴们的战绩，简直不要太爽，我有几个Q群，每天都会在群里发一手线报，有神车就会立马艾特全体成员，有教程，有凑单等，基本都能上车。好啦，今天就先分享到这里吧，等再撸到好东西再来给大家分享吧 post by 月儿许不懂/None
<2020-07-11 10:32:57> [INFO]  Try to delete reply 长期招人，完全免费一天50 80不嫌少的话可以私聊，上手容易，我全天都在🍀 post by abc阳仔98/🍼寻觅
<2020-07-11 10:33:11> [INFO]  Try to delete reply 叮，小红娘上线啦有没有单身的小伙伴呀来我负责牵线你负责恋爱资料找我安排 post by Appleton_/None
<2020-07-11 10:33:14> [INFO]  Try to delete reply 本次活动仅限新用户，必须按照教程操作才可以领到，保存下方二维码，使用QQ/微信/浏览器扫一扫下方二维码查看教程参加活动 post by FF9Oc28jq4/心动小甜🍀
<2020-07-11 10:33:18> [INFO]  Try to delete reply 资助个差钱的小姐姐，要求广州附近，年龄26岁以下，颜要求不高，看得过去就行～可以接受微胖！比较在意听不听话，喜欢乖一点的！每天给你两千，大家互相尊重，当朋友一样处！ post by 次芊/None
<2020-07-11 10:33:29> [INFO]  Try to delete reply 本人学生党一枚，都是我实际蹲到的。不需要的已经转手卖了，赚个零花钱这是之前十几块蹲到的空调车和电饭煲车等等！跟着群里发的操作再笨也能蹲到车 一个人能力有限。希望大家一起探讨分享。蹲好物。一起加车队 post by 小M羊毛赚/购物狂♋
<2020-07-11 10:33:32> [INFO]  Try to delete reply 天天穿童装装嫩？ post by 本名刘波/波波酱萌萌哒🐶
<2020-07-11 10:33:32> [INFO]  Try to delete reply 黄 post by 我是小女孩阿/None
<2020-07-11 10:33:34> [INFO]  Try to delete reply 长期招人，完全免费一天50 80不嫌少的话可以私聊，上手容易，我全天都在🍀 post by abc阳仔98/🍼寻觅
<2020-07-11 10:33:37> [INFO]  Try to delete reply 长期招人，完全免费一天50 80不嫌少的话可以私聊，上手容易，我全天都在🍀 post by abc阳仔98/🍼寻觅
<2020-07-11 10:34:04> [INFO]  Try to delete reply 本人学生党一枚，都是我实际蹲到的。不需要的已经转手卖了，赚个零花钱这是之前十几块蹲到的空调车和电饭煲车等等！跟着群里发的操作再笨也能蹲到车 一个人能力有限。希望大家一起探讨分享。蹲好物。一起加车队 post by 小M羊毛赚/购物狂♋
<2020-07-11 10:34:07> [INFO]  Try to delete reply 天天穿童装装嫩？ post by 本名刘波/波波酱萌萌哒🐶
<2020-07-11 10:34:07> [INFO]  Try to delete reply 黄 post by 我是小女孩阿/None
<2020-07-11 10:34:57> [INFO]  Try to delete reply 需要ps教程 安装包  P图 改字 修图 去水印 的加我QQ2648299542白菜价 满意为止 post by 多多要努力啊/None
<2020-07-11 10:35:00> [INFO]  Try to delete reply 非圈内人，街上看到了这一幕，我不知道各位小仙女是怎么想的，你们会不会觉得是她们影响了你们的名声呀？是她们让你们lo娘＝坦克，你们不恨她们吗？ post by 05后少年刘俊生/None
<2020-07-11 10:35:00> [INFO]  Try to delete reply 我这个身材都不见得能征服她们 post by 05后少年刘俊生/None
<2020-07-11 10:35:00> [INFO]  Try to delete reply 我知道80%的lo娘应该都是这种身材，只有极少部分是这种坦克，可就是一颗老鼠屎，坏了一锅粥啊！ post by 05后少年刘俊生/None
<2020-07-11 10:35:00> [INFO]  Try to delete reply 建议你们圈子用对待山寨的态度对待她们，到街上捉猪，看到体重超过110的直接骂！ post by 05后少年刘俊生/None
<2020-07-11 10:35:00> [INFO]  Try to delete reply 可以讨论啊，但坦克请不要进来骂人 post by 05后少年刘俊生/None
<2020-07-11 10:35:00> [INFO]  Try to delete reply 被谈论者不可以发声 post by 05后少年刘俊生/None
<2020-07-11 10:35:00> [INFO]  Try to delete reply dd post by 05后少年刘俊生/None
<2020-07-11 10:35:09> [INFO]  Try to delete reply 长期招人，完全免费一天50 80不嫌少的话可以私聊，上手容易，我全天都在🍀 post by abc阳仔98/🍼寻觅
<2020-07-11 10:35:10> [INFO]  Try to delete reply 到时候给姐姐投一票 post by 我是小女孩阿/None
<2020-07-11 10:35:13> [INFO]  Try to delete reply 天街穿给爸爸看看 post by 我是小女孩阿/None
<2020-07-11 10:35:13> [INFO]  Try to delete reply 不爆照想当吧主 想屁吃 post by 我是小女孩阿/None
<2020-07-11 10:35:18> [INFO]  Try to delete reply 我是一名美术推广老师，现在有0元美术精品课，素描，插画，彩铅，油画，水粉，动漫都有，感兴趣提升学习的朋友可以加我领取学习权限。感谢各位！ post by 25154233hs/None
<2020-07-11 10:35:38> [INFO]  Try to delete reply 饿了么和美团外卖的优惠券，图片保存下来每天都可以领券，定外卖之前扫一下领个优惠券 post by 上古歌谣233/小团子吖😄
<2020-07-11 10:35:48> [INFO]  Try to delete reply 我们lo吧可不能交给一个男人管理！ post by 本名刘波/波波酱萌萌哒🐶
<2020-07-11 10:35:48> [INFO]  Try to delete reply 尤其是二次元肥宅！ post by 本名刘波/波波酱萌萌哒🐶
<2020-07-11 10:35:48> [INFO]  Try to delete reply 真恶心，还要来竞选吧主！你配吗？ post by 本名刘波/波波酱萌萌哒🐶
<2020-07-11 10:35:48> [INFO]  Try to delete reply 我不想看到200斤的身体把我的lo娘小仙女压在身下的模样 post by 本名刘波/波波酱萌萌哒🐶
<2020-07-11 10:35:48> [INFO]  Try to delete reply 怎么都是女装大佬啊？一群妖艳件货！ post by 本名刘波/波波酱萌萌哒🐶
<2020-07-11 10:35:48> [INFO]  Try to delete reply  post by 本名刘波/波波酱萌萌哒🐶
<2020-07-11 10:35:48> [INFO]  Try to delete reply @-扶疏  嘴这么臭也想选吧主？你配？ post by 本名刘波/波波酱萌萌哒🐶
<2020-07-11 10:35:54> [INFO]  Try to delete reply 长期招人，完全免费一天50 80不嫌少的话可以私聊，上手容易，我全天都在🍀 post by abc阳仔98/🍼寻觅
<2020-07-11 10:35:59> [INFO]  Try to delete reply 长期招人，完全免费一天50 80不嫌少的话可以私聊，上手容易，我全天都在🍀 post by abc阳仔98/🍼寻觅
<2020-07-11 10:35:59> [INFO]  Try to delete reply 长期招人，完全免费一天50 80不嫌少的话可以私聊，上手容易，我全天都在🍀 post by abc阳仔98/🍼寻觅
<2020-07-11 10:36:04> [INFO]  Try to delete reply lo娘要是这样  都能开心的跳起来 post by 我是小女孩阿/None
<2020-07-11 10:36:10> [INFO]  Try to delete thread 带新人学好板绘绘画，画自己喜欢的萝莉和萝莉装 post by 九九爱你0/国漫崛起😘
<2020-07-11 10:36:18> [INFO]  Try to delete reply  post by 我是小女孩阿/None
<2020-07-11 10:36:21> [INFO]  Try to delete reply 爸爸为啥要选你 post by 我是小女孩阿/None
<2020-07-11 10:36:27> [INFO]  Try to delete reply 我 post by 我是小女孩阿/None
<2020-07-11 10:36:28> [INFO]  Try to delete reply 我 post by 我是小女孩阿/None
<2020-07-11 10:36:57> [INFO]  Try to delete reply 这是母 狗 post by 我是小女孩阿/None
<2020-07-11 10:37:19> [INFO]  Try to delete reply 长期招人，完全免费一天50 80不嫌少的话可以私聊，上手容易，我全天都在🍀 post by abc阳仔98/🍼寻觅
<2020-07-11 10:37:21> [INFO]  Try to delete reply 被别的女孩子穿过 碰过打死我都不要 post by 我是小女孩阿/None
<2020-07-11 10:37:29> [INFO]  Try to delete reply 长期招人，完全免费一天50 80不嫌少的话可以私聊，上手容易，我全天都在🍀 post by abc阳仔98/🍼寻觅
<2020-07-11 10:37:40> [INFO]  Try to delete reply 长期招人，完全免费一天50 80不嫌少的话可以私聊，上手容易，我全天都在🍀 post by abc阳仔98/🍼寻觅
<2020-07-11 10:37:42> [INFO]  Try to delete reply 长期招人，完全免费一天50 80不嫌少的话可以私聊，上手容易，我全天都在🍀 post by abc阳仔98/🍼寻觅
<2020-07-11 10:37:52> [INFO]  Try to delete reply 阴间...爸爸爱了 post by 我是小女孩阿/None
<2020-07-11 10:38:22> [INFO]  Try to delete reply 啊长沙或者附近等个小可爱，dd私dd post by Yy顾城/None
<2020-07-11 10:38:23> [INFO]  Try to delete reply 弟弟 你咋以为是月饼当吧主呢？ post by 我是小女孩阿/None
<2020-07-11 10:38:25> [INFO]  Try to delete reply 弟弟 你咋以为是月饼当吧主呢？ post by 我是小女孩阿/None
<2020-07-11 10:38:26> [INFO]  Try to delete reply 长期招人，完全免费一天50 80不嫌少的话可以私聊，上手容易，我全天都在🍀 post by abc阳仔98/🍼寻觅
<2020-07-11 10:38:35> [INFO]  Try to delete reply 急需淘宝天猫导购员，女士优先，在家工作，时间自由，宝妈，大学生，上班族都可以，只要会网购的，有无经验均可，有团队带 post by shenkeda99/等你很久🍒
<2020-07-11 10:38:38> [INFO]  Try to delete reply 急需淘宝天猫导购员，女士优先，在家工作，时间自由，宝妈，大学生，上班族都可以，只要会网购的，有无经验均可，有团队带 post by shenkeda99/等你很久🍒
<2020-07-11 10:38:50> [INFO]  Try to delete reply 街头上看到这样温馨的一幕，顺手拍下。陪“女儿”逛街的父亲，太爱了(⑉°з°)-♡这位“父亲”的眼神是那样的可爱，却又充满着欲望，充满着对女儿的爱。女孩却表现出嫌弃父亲的样子，令人心寒。现在的孩子，都是些白眼狼，尤其是lo娘，给她们买了好看的裙子就叫“好爸爸”，不买就是老家伙，真是世风日下啊。 post by 05后少年刘俊生/None
<2020-07-11 10:38:50> [INFO]  Try to delete reply 我不知道这个lo娘为什么要表现出这个样子，令人作呕 post by 05后少年刘俊生/None
<2020-07-11 10:38:50> [INFO]  Try to delete reply 她的一切都是她父亲给她的，要是这是我女儿，我一定要好好調教！ post by 05后少年刘俊生/None
<2020-07-11 10:38:50> [INFO]  Try to delete reply 树欲静而风不止，子欲养而亲不待，今天是父亲节，好好想想吧！ post by 05后少年刘俊生/None
<2020-07-11 10:38:50> [INFO]  Try to delete reply 我父亲从小就打我，我从来都没有恨过他，因为他一个人带我长大，是他养的我 post by 05后少年刘俊生/None
<2020-07-11 10:38:50> [INFO]  Try to delete reply 我再****，我也懂得孝顺，百善孝为先，你们lo娘跟我比不了！ post by 05后少年刘俊生/None
<2020-07-11 10:38:58> [INFO]  Try to delete reply  post by 我是小女孩阿/None
<2020-07-11 10:39:12> [INFO]  Try to delete reply 长期招人，完全免费一天50 80不嫌少的话可以私聊，上手容易，我全天都在🍀 post by abc阳仔98/🍼寻觅
<2020-07-11 10:39:16> [INFO]  Try to delete reply 想 日 post by 我是小女孩阿/None
<2020-07-11 10:39:37> [INFO]  Try to delete reply 长期招人，完全免费一天50 80不嫌少的话可以私聊，上手容易，我全天都在🍀 post by abc阳仔98/🍼寻觅
<2020-07-11 10:39:37> [INFO]  Try to delete reply 长期招人，完全免费一天50 80不嫌少的话可以私聊，上手容易，我全天都在🍀 post by abc阳仔98/🍼寻觅
<2020-07-11 10:39:40> [INFO]  Try to delete reply 免单车 淘礼金 大额券 各种优惠活动天天有 post by 人间长夜/人间长夜-💤
<2020-07-11 10:39:48> [INFO]  Try to delete reply 【测评】华强北Airpods是否值得入手？包含安卓机测试#十大热帖# #华强北airpods# 最近听说了华强北的airpods已经达到了以假乱真的地步，但是市面上华强北airpods质量参差不齐，褒贬不一，我也是废了大功夫才找到性价比高的一款，那真的如传言所说吗？那今天就以我拿到的这款华强北airpods做一次测评，现在一起来看看。我将从外观、连接速度、性能、音质、延迟等几个方面给大家详细介绍，在文章里更有详细的录制视频展示，请小伙伴们擦亮双眼哦！1 外观耳机外观方面：华强北airpods几乎和正版一模一样，很难端详出有什么差异，整体的质感还是可以的。上面的序列号、型号都有印刷，盖子带反磁，灯光依旧是绿白黄三种，不得不说外观上还真的有内味儿了。2 性能将耳机靠近手机，打开盒子，手机会显示弹窗动画，按住耳机仓后面按钮5s即可完成第一次连接，连接之后可以进行改名、手势切换、唤起Siri，无线充电等操作。耳机是真光感设计，以便我们在使用过程中进行触控操作，比如摘下暂停、带上播放，双击切歌等等。3小伙伴们或许会有疑问,华强北airpods的电量显示准确吗？之前很早的华强北airpods跳电问题让很多人感到头疼，但是我拿到的这一款已经完全解决了跳电问题。在负一屏会有耳机仓，左、右耳的实时电量显示。实测不会跳电！可以说是一个惊喜了！4安卓机能用吗？很多小伙伴想买一款华强北airpods给自己的安卓机使用，但是又怕系统不兼容而使用不了。在这里我要给大家讲：别担心。安卓机照样使用！而有人专门为了使用airpods的安卓用户做了一款APP，通过这个app，在安卓机上可以实现弹窗动画、电量显示、手势切换、改名等全部功能，和iPhone几乎一模一样。我给大家说一下这几款app：1、andpods：它是下载用户最多的一款，在普通应用商店就可以找到，缺点是需要收费，交10元的注册费，所以我不是很推荐。2、Freepods：大家一看到“Free”就应该猜到了它是免费的，这款也是我重点推荐。大家可以清楚得看到上面有关airpods的功能设置，在这里我就不多说了，如果有小伙伴想要安装，可以直接去应用商店下载，如果找不到，也可以联系我，我可以发给你。至于其他几款我不多说了，目前我了解到这两款是最好用的，也没有广告。5 音质觉音质没有办法像测试延迟那样通过传声筒放大，因为无论是正品还是华强北airpods声音放大以后都显得特别噪杂，所以我只能给大家说一下我自己对音质的体会。音质很立体，低音比正版还好，高音比较一般，没原机准，但是也不差。6延迟延迟是大家关注的重点问题，在这里我给大家做详细讲解先说一下延迟：许多小伙伴都困扰于蓝牙耳机的延迟问题，所以对华强北airpods耳机的延迟更是存在很大的疑虑。因此我特意做了一个刺激战场的视频来进行耳机的延迟测试。根据我的切身体会，在iPhone上，正版airpods的延迟确实很低，如果不细心去抠，会很难发现延迟，而华强北airpods延迟效果也是很低，但是对比正版会发现有一点点的慢。当我在安卓手机上测试的时候，结果却是大不相同，因为无论是正版还是华强北airpods都会因为手机的不同出现不同的延迟。7 是否值得入手？如果自己的预算充足建议官网买，肯定比仿版的体验好，若是预算不足，又实在是喜欢这款耳机，比正版底好几倍的价格，站在这个角度来说，华强北将是最佳的选择。想入手同款耳机的欢迎了解V，CBDEnglish post by 镭神数码科技/镭神数码科技
<2020-07-11 10:40:03> [INFO]  Try to delete reply 不多解释。🧵下长期要人。保单。质高价高。千万小心别被忽悠了。 post by 经纪陈迪呀/经纪陈迪呀💖
<2020-07-11 10:40:12> [INFO]  Try to delete reply 长期招人，完全免费一天50 80不嫌少的话可以私聊，上手容易，我全天都在🍀 post by abc阳仔98/🍼寻觅
<2020-07-11 10:40:15> [INFO]  Try to delete reply 长期招人，完全免费一天50 80不嫌少的话可以私聊，上手容易，我全天都在🍀 post by abc阳仔98/🍼寻觅
<2020-07-11 10:40:16> [INFO]  Try to delete reply 长期招人，完全免费一天50 80不嫌少的话可以私聊，上手容易，我全天都在🍀 post by abc阳仔98/🍼寻觅
<2020-07-11 10:40:22> [INFO]  Try to delete reply 连麦dd叭 post by 姐姐刚刚呵呵/一起喝奶º茶
<2020-07-11 10:41:54> [INFO]  Try to delete reply 有想法接线下的私聊我，最近有时间的最好 post by 玩求啊/None
<2020-07-11 10:41:59> [INFO]  Try to delete reply  post by /贴吧用户_aZ6a1QC
<2020-07-11 10:42:04> [INFO]  Try to delete reply 原创lolita.黑甜执事新店铺，希望大家多多支持不胜感激可以+群，有抽奖活动。可以图片看详情 post by 作者无人不晓i/兰陵小霸王0℃
<2020-07-11 10:42:08> [INFO]  Try to delete reply 虾仁工作室虾仁招想做fu力机的小姐姐啦想问问有没有想做fu力机的小姐姐，可以s疗，虾仁可以培养你，在网上培养就可以，非常简单，平时也只要很少的时间，到时候可以和虾仁合作，也不需要露脸，fu力机月入多少大家应该都知道吧，想做的可以斯哦 post by 悠喃吖/悠喃吖
<2020-07-11 10:42:27> [INFO]  Try to delete reply 某宝，京东线报漏洞群，不进群你连尾气都吃不到，进群上豪车！ post by 脱悍t0卓男/路尽隐香处☜
<2020-07-11 10:42:28> [INFO]  Try to delete reply 某宝，京东线报漏洞群，不进群你连尾气都吃不到，进群上豪车！ post by 脱悍t0卓男/路尽隐香处☜
<2020-07-11 10:42:39> [INFO]  Try to delete reply 招收抖音语音主持   只需要手机或者电脑就可以了    全职每天6小时  兼职每天4小时   保底3000起      你不会做没关系  可以教你   没有任何费用   有一分钱的费用那都是骗子    想做的可以加我V   18696452243 post by 小B浓/None
<2020-07-11 10:42:59> [INFO]  Try to delete thread 有对学ps，视频剪辑，vlog后期aeprAi，UI，AE， post by 病原性毒物/传说中的贵妃☞
<2020-07-11 10:43:03> [INFO]  Try to delete reply 有无线下的，ddd post by 你的吊死大/None
<2020-07-11 10:43:16> [INFO]  Try to delete reply 关爸爸屁事 post by 我是小女孩阿/None
<2020-07-11 10:43:20> [INFO]  Try to delete reply 姐妹们一定要选月饼做吧主喔 post by 我是小女孩阿/None
<2020-07-11 10:43:20> [INFO]  Try to delete reply 姐妹们给我读名著 post by 我是小女孩阿/None
<2020-07-11 10:43:20> [INFO]  Try to delete reply 故事发生在一所动物被人类压迫的农场里。农场里的一头猪“老少校”（Old Major）在提出了“人类剥削牲畜，牲畜须革命”的理论之后死去。就好像所有的伟大革命都需要一个先贤来提出革命宗旨，他们更多的是在启蒙愚昧之人，影响更多的人参与到革命的中来。同样的这些革命的最初愿望都是差不多相似的追求：建立“民主”“平等”与“自由”的国度，然而结果真的会与最初的愿望一样吗？似乎在人类有记载的历史里没有任何一次革命建立了这样一个完美的国度，就像这本书中说的一样，“最后的结果总是与最初的愿望相违背。” post by 我是小女孩阿/None
<2020-07-11 10:43:20> [INFO]  Try to delete reply 老少校死后，他的精神继承“猪”雪球（snowball）和拿破仑（Napoleon）带领动物们推翻了人类的对动物的统治，建立自己的国度，并且在墙上写下了动物们的第一套“法律”----七戒，并且宣称这将成为永远不可更改的法律。“1.凡靠两条腿行走者皆为仇敌；2.凡靠四肢行走者好，或者长翅膀者，皆为亲友；3.任何动物不得穿衣；4.任何动物不得卧床；5.任何动物不得饮酒；6.任何动物不得伤害其他动物；7.所有动物一律平等”这七条戒律明确指出了动物的敌人、朋友、所有动物应该得到的平等待遇。此时在作者安排了一个很有意思的小细节，三头母牛在革命途中没有挤牛奶，这时猪取来奶桶，相当成功的给母牛挤了牛奶。当动物们问这些牛奶怎么办时，有母鸡提议给他们的谷糠饲料里掺牛奶，但是“站在牛奶同前”的拿破仑说:“别管牛奶了，同志们！牛奶会给照看好的，收割草才是更重要的”当大家回来的时候牛奶已经消失了。这个革命胜利带来的第一颗胜利果实就被拿破仑同志这样轻易拿走了。这样的人总是存在于各种革命中，在大家还在充满革命热情的时候就开始了为自己谋福利。当建立了动物庄园之后，雪球开始兴办教育，开始教育那些不识字的动物，但是因为动物们的智商有差距所以最后只好放弃，为了方便记忆也只好将七诫归于一条“四条腿的好，两条腿的坏”羊记住了这条准则后经常咩咩的叫着这条准则，开始成为了动物庄园的媒体，它们不停提醒着动物们记住这条准则。 post by 我是小女孩阿/None
<2020-07-11 10:43:20> [INFO]  Try to delete reply 然而此时拿破仑同志收养了九条强壮的小狗，开始培养起了自己的私人武装力量。猪作为领导阶层也在逐渐享有比其他动物更好的待遇,享受比其他动物更多的牛奶与苹果，并且宣称这不是自己的自私与特权，而是为了更好的决策与带领大家抵抗原庄园主的再一次袭击。其实读到这里的大家都明白都明白这只是一种借口，当拿破仑的私人武装力量成型他便驱逐了当年和他一起努力建立动物庄园的好友雪球，窃取了整个的革命果实，此时胆小的动物们却没有勇气站出来来指责拿破仑与拿破仑搏斗，因为这样太冒险，会受伤，而且这个时期动物庄园整体都在朝着好的方向发展，也许抱着侥幸心理，认为雪球就算离开大家，大家也依然能够生活的很好。 post by 我是小女孩阿/None
<2020-07-11 10:43:20> [INFO]  Try to delete reply 当故事进行到了这里时发生了转折，农场中宣扬的外敌逐渐成为了同为动物的雪球，大家都害怕雪球回来，又同时畏惧拿破仑养的狗，开始对拿破仑的决策不再怀疑，接受其的命令，从此拿破仑的领导地位完全成型。同时出现了“拿破仑同志说永远正确”的座右铭。 post by 我是小女孩阿/None
<2020-07-11 10:43:20> [INFO]  Try to delete reply 拿破仑完全执政后，开始与人类进行交易，甚至让一个人类来帮忙管理农场事物，进行农场的交易，这时候动物们产生疑问却没能团结在一起反抗。而最初的“七戒”也在这过程中一改再改 post by 我是小女孩阿/None
<2020-07-11 10:43:20> [INFO]  Try to delete reply 在故事最后，参与革命的动物们都已经年老体衰所剩无几，羊被带到一个没人的地方，让他们学会并只记住了一句话“四条腿的好，两条腿的更好”媒体被控制，言论不自由，老一代的动物们已经无力革命，而年轻的动物却不知道比这样更好的生活是怎样。七诫也变得只剩下一条“所有动物一律平等，但有些动物比其他动物更加平等”猪也直立行走了，和人类在一起喝酒。取消了同志的称呼再也分不清到底谁是人谁是猪。最初的革命理想消失了，动物们过着比以前还要凄惨的生活，但是这里没有贤者，没有人会发动革命，拿破仑的革命成功了，它成为了人 post by 我是小女孩阿/None
<2020-07-11 10:43:20> [INFO]  Try to delete reply 革命总是以反专制开始，就像老少校启蒙动物们时所说的：“万恶之源完全在于人类的专制统治”，但专制并不会被革命被打破，甚至相反，革命往往会建立起更强的专制。最终所得到的的平等自由实在是有限的，相对的，短暂的，人们本该冲破牢笼却最终掉入另外一个牢笼中，所谓的平等最终也有高低贵贱之分，完全平等就好像是自欺欺人的谎言，自由也只是彻头彻尾的笑话。人生来贪婪、自私、懦弱，只有在绝境中才能够为了生存放弃那些私欲团结在一起革命然而革命并没有能够进行到底，总是在初尝革命果实的时候被心怀不轨自私自利的人窃取革命果实。一个政权的建立必须要有民主的监督以及法律的规范，从方方面面来限制这个政权的权利，不然的话必然会出现专制，必然最初的革命理想都消失，最终享受成功的只能是少部分人，而绝大多数的人依然还在过着和曾经一样的日子。 post by 我是小女孩阿/None
<2020-07-11 10:43:20> [INFO]  Try to delete reply 姐妹们跟着我一起叫 咩咩咩 post by 我是小女孩阿/None
<2020-07-11 10:43:20> [INFO]  Try to delete reply 姐妹们让我们为极权主义添砖加瓦  加油 post by 我是小女孩阿/None
<2020-07-11 10:43:20> [INFO]  Try to delete reply @月饼 post by 我是小女孩阿/None
<2020-07-11 10:43:20> [INFO]  Try to delete reply 不给月饼又要哭唧唧的呢 心疼 post by 我是小女孩阿/None
<2020-07-11 10:43:24> [INFO]  Try to delete reply 贝壳太可爱了吧 姐妹们冲 post by 我是小女孩阿/None
<2020-07-11 10:43:24> [INFO]  Try to delete reply  post by 我是小女孩阿/None
<2020-07-11 10:43:29> [INFO]  Try to delete reply 为什么要给爸爸看这个？ post by 我是小女孩阿/None
<2020-07-11 10:43:32> [INFO]  Try to delete reply 长期招人，完全免费一天50 80不嫌少的话可以私聊，上手容易，我全天都在🍀 post by abc阳仔98/🍼寻觅
<2020-07-11 10:43:39> [INFO]  Try to delete reply 【求助】女朋友19了还跟弟弟睡在一个床上！她弟弟14岁了，据我询问得知，她和她弟弟睡了有10多年了后来我去女朋友家做过几次客，发现她弟弟对我恨之入骨？！我女朋友一直劝我忍住，我该怎么办？对她也有了感情她是个lo娘，是不是lo娘全都是扶弟魔啊 post by 05后少年刘俊生/None
<2020-07-11 10:43:49> [INFO]  Try to delete reply 代付尾款，dd post by 如复33/None
<2020-07-11 10:43:50> [INFO]  Try to delete reply 银川线下有吗 post by 可笑浊世/D-Shu
<2020-07-11 10:44:10> [INFO]  Try to delete reply 没钱补尾款的，DD我！ post by 如复33/None
<2020-07-11 10:44:41> [INFO]  Try to delete reply lo娘是不是都这样？ post by 我是小女孩阿/None
<2020-07-11 10:44:41> [INFO]  Try to delete reply 哈哈 post by 我是小女孩阿/None
<2020-07-11 10:44:52> [INFO]  Try to delete reply 穿几天再撒泡尿给里面 咸鱼出掉 post by 我是小女孩阿/None
<2020-07-11 10:44:53> [INFO]  Try to delete reply 穿几天再撒泡尿给里面 咸鱼出掉 post by 我是小女孩阿/None
<2020-07-11 10:45:20> [INFO]  Try to delete reply  post by 我是小女孩阿/None
<2020-07-11 10:45:33> [INFO]  Try to delete reply 长期招人，完全免费一天50 80不嫌少的话可以私聊，上手容易，我全天都在🍀 post by abc阳仔98/🍼寻觅
<2020-07-11 10:45:46> [INFO]  Try to delete reply 付邮送，有喜欢养仓鼠的小姐姐吗？ post by 05后少年刘俊生/None
<2020-07-11 10:45:46> [INFO]  Try to delete reply 养了3天不吃不喝都没死，好养活哦 post by 05后少年刘俊生/None
<2020-07-11 10:45:46> [INFO]  Try to delete reply 还生了几个崽子，油炸肯定香！ post by 05后少年刘俊生/None
<2020-07-11 10:45:52> [INFO]  Try to delete reply 付邮送，有喜欢养仓鼠的小姐姐吗？ post by 05后少年刘俊生/None
<2020-07-11 10:45:52> [INFO]  Try to delete reply 养了3天不吃不喝都没死，好养活哦 post by 05后少年刘俊生/None
<2020-07-11 10:45:52> [INFO]  Try to delete reply 还生了几个崽子，油炸肯定香！ post by 05后少年刘俊生/None
<2020-07-11 10:46:04> [INFO]  Try to delete reply 尾款走代付 post by 小甜甜然然/然然大帅比💘
<2020-07-11 10:46:07> [INFO]  Try to delete reply  post by liu7667狮子/艾瑞芭迪♋
<2020-07-11 10:46:21> [INFO]  Try to delete reply 啥裙子 post by 我是小女孩阿/None
<2020-07-11 10:46:50> [INFO]  Try to delete reply 没钱补尾款的，DD我！ post by 如复33/None
<2020-07-11 10:47:38> [INFO]  Try to delete thread 有兴趣进设计交流群，学习探讨PR剪辑，PS，CAD，AE,U post by 带着骄傲跑L/带着骄傲跑🌵
<2020-07-11 10:47:41> [INFO]  Try to delete reply 【明日之后下载】明日之后官服和渠道服入门新手攻略https://tieba.baidu.com/p/6590766556网易（netease）《明日之后》是一款末世下的人类生存手游，在这个末日废土世界中，玩家将面临资源匮乏、天气恶劣、野兽袭击的环境；并将从零开始采集物资、建造房屋、制作工具和武器，不断升级营地和生存天赋，与队友并肩作战。热情的吧友特地整理了很多对新手最有帮助的攻略，如果你想下载测试，就跟随我们一起来体验吧。应对危险活到明天玩家将作为幸存者加入营地，你将面临不只是一个的对手袭击！与营地盟友一同在废墟中求生。赶走饥饿武装自己探索水下奥秘，海上漂流瓶，谱写故事开端， 此外，幸存者也可以在海滩上捉螃蟹、在海底捕鱼，体会一次荒岛求生的艰辛和乐趣。筑起人类最后的家在这个超高自由度的大世界中，丰富的玩法设计和各种有趣的枪械使用。玩家将从零开始采集物资，建造房屋、制作工具和武器，不断升级营地科技树，获得更高级的生存技能。之前就玩过一次《明日之后》的测试，当时就很喜欢这个游戏，主要是对生存游戏非常感兴趣，这次也顺利获得了测试的机会。上次同一个营地的人也差不多都进来了，大概跟大家说说我这次的感受首先画风来说跟之前是一样是，写实派的游戏，不光是人物野兽的造型，还是环境的设计都是比较有感觉的，代入感特别好。天气温差的变化，昼夜的转变都比较到位。而且这次多了一个新的秋日森林，这个新手村其实就非常的友好了，要比之前测试直接去到白树高地好很多，起码不会经常被冻死了。之前测试的时候开始总是在寒冷的状态，做衣服采集材料的过程都容易被冻死，这次明显友善了许多这些采集的东西在希望谷的时候不要弄，别以为可以都带到新手村 多囤一些，没用的。因为过了这个新手剧情以后，这些道具就都没有啦，可以留给别人感觉变化最大的东西就是家园，直接就有了庄园的结构这个比较好，而且会更系统一些，比如庄园升级，管理之类的，一些预设的比较美化之类的感觉可玩性还是很高的。毕竟很多人对这个家都是比较在意的最基本的你以后想砍树更快，那么武器就一定要更好，营地的等级直接影响到你后面武器的制造速度而且这个游戏后面是需要团队合作的，烧杀掠夺先不说，很多高级的材料一个人都采集不了，配合是必须的。是一款互动性比较高，而且比较考验团【一梦江湖下载】一梦江湖官服和渠道服区别新手攻略https://tieba.baidu.com/p/6570816129儿时就常常拿着跟木棍、树枝什么的，自娱自乐，幻想自己是独步天下的剑仙，还常常给自己编戏，想来也是戏精一枚……一梦江湖圆了多少人的武侠梦！《一梦江湖》可以说是在武侠领域做到了前所未有的创新与开拓。以武侠的题材连续2年荣获年度最佳角色扮演类手游。新人须知——官方正版是直接归网易（Netease）官方运营的，优先程度高，更新及时稳定，常有联动活动参与，能在官服就尽量在官服玩！【梦幻西游下载】梦幻西游手游官服和渠道服的区别下载攻略（梦幻西游手游与三维版）https://tieba.baidu.com/p/6631010573梦幻西游作为2003年就出款的网易一款最经典的游戏，曾经陪伴了无数人的青春。而在15年时，梦幻西游手游版横空出事，作为一款回合制手游，凭借着大流量IP吸引了无数玩家再度回归重回西游中。而在最近，梦幻西游手游也迎来了它的2020周年庆。传闻已久的《梦幻西游3D》也在今年上线。如果你从未体验过这般乐趣，就从今天开始吧！阴阳师官服与渠道服区别及新手攻略https://tieba.baidu.com/p/6579739135阴阳师是一款攻略需求性很强的智慧游戏,很多玩家都要查悬赏封印、斗技阵容等攻略。本贴将为大家介绍，网易阴阳师官服下载安装教程及新手攻略。几乎所有阴阳师的小伙伴都会希望自己在官服。本贴会带您进入阴阳师官服的完美开局。什么是官服，官服就是网易官方服务器，如果你手机桌面游戏图标右下角有“易”字，恭喜你是官服，反之渠道服。华为、应用宝、小米、魅族、九游、B站等都是渠道服。 post by 梅江一鱼/None
<2020-07-11 10:47:50> [INFO]  Try to delete reply 背带狗短 post by 我是小女孩阿/None
<2020-07-11 10:48:04> [INFO]  Try to delete reply 有合作开网掂的小伙伴嘛，滴滴我 post by /要足够努力ლ
<2020-07-11 10:48:10> [INFO]  Try to delete reply 招募声音主播（不露脸）多人语音直播间（男女都要）声音好听 聊天有气氛跟直播间大哥聊天不怯场保底3000-8000预计收入1万到5万门槛低一手机一个耳机才艺 声优 小姐姐优先情商高 优先可以在家 需要单独空间包培训 无押     提成日结周结月结都可 post by 晚灯梦里/我是帅哥😄😫
<2020-07-11 10:48:18> [INFO]  Try to delete reply lo吧大舞台 有妈你就来 post by 我是小女孩阿/None
<2020-07-11 10:48:24> [INFO]  Try to delete reply 玩韩服，想玩韩服的召唤师，欢迎开黑交流。 post by 韩服LOL代注册/韩服LOL🍀
<2020-07-11 10:48:57> [INFO]  Try to delete reply 各種醫美面膜 正品保證 價格美麗～斐思妮新品抽獎中 美麗小姐姐看過來 post by lihemua/可乐加冰🍒🍦
<2020-07-11 10:49:01> [INFO]  Try to delete reply 成都车展招聘礼仪兼职：40人1净身高165以上。（礼仪要女生，男生就不要来问了）2.工作时间在7月24日到8月2日(至少做5天)3.工资220元/天 包水包饭想做的添加微信注明来意 谢谢微：jxzka8 post by zsl17318900669/许愿的五花肉🎏
<2020-07-11 10:49:06> [INFO]  Try to delete reply 长期招人，完全免费一天50 80不嫌少的话可以私聊，上手容易，我全天都在🍀 post by abc阳仔98/🍼寻觅
<2020-07-11 10:49:15> [INFO]  Try to delete reply 我是一名大三的学生，跟男朋友断联四个月多月，我找很多塔罗师做这仪式那仪式，被骗了三次.....价格基本上都是要七八千，都是付完钱没多久就把我删了....我不想说有多么缺心眼了。好多占卜师都是骗子，他们一般收完钱就不会再搭理你了，而且还找不到人，要多坑有多坑。后来在知乎偶然发现一个挺火的塔罗师，就加了她的vx，之前说过我是大三学生，所以在经济上也是支撑不了，再后是偶然的一个机会又认识一个塔罗师，我也忘记在哪里认识的了...找她咨询试了一下说是有效果而且价格比之前便宜多了，然后我就抱着试试的心态....（当初我看她朋友圈的反悔也是半信半疑，不敢完全相信，我另一边还在找人问仪式的事）再后来又遇到一个人，也给我推荐了那个塔罗师加了vx感觉上给我一种一定能成功的样子.....真的好nb...然后我就开始作仪式我跟男朋友断联四个多月 拉黑vx...拉黑电话...屏蔽我所有信息..我盆友来给我告状，说他之间还有暧昧对象，我点了很多魔法蜡烛，什么砍桃花，什么调频，什么升温quq。其中最gl的是斩桃花 他跟那个女的都见了双方父母.... 后来没两天就分了，我和他虽然还没有和好，但是我发现我已经可以加他的好友了，不像以前那样怎么加都加不上，偶尔也会说两句话，以前我疯狂地找他他都不回我...现在变好也能说一两句话了，偶尔还给我发的盆友圈点点赞quq...然后我就感觉我满血复合了，精神头也特别好，我今天又点了蜡烛一根能量很强的，因为我身体不好所以会影响能量，所以我就选了一个能量特高的，希望能有效果吧，慢慢来吧最起码是有希望的，希望让我与他和好如初吧！ post by 林允儿丫/林允儿丫
<2020-07-11 10:49:40> [INFO]  Try to delete reply 没钱补尾款的，DD我！ post by 如复33/None
<2020-07-11 10:49:49> [INFO]  Try to delete reply 上海迪士尼代哦！！！有需要的可以进群！8⃣️5⃣️折哦！！！超划算的！保证正品哦！！！有小票可直播买！！！ post by 你不爱我是么_/None
<2020-07-11 10:49:49> [INFO]  Try to delete reply 快来进群 post by 你不爱我是么_/None
<2020-07-11 10:49:53> [INFO]  Try to delete reply 没钱补尾款的，DD我！ post by 如复33/None
<2020-07-11 10:50:01> [INFO]  Try to delete reply 看地区吧，之前旅游去线下实体店逛过，店家态度超好，（那天穿的是旅行服）也可以试 post by 名字等于难起/None
<2020-07-11 10:50:18> [INFO]  Try to delete reply  post by 我是小女孩阿/None
<2020-07-11 10:50:18> [INFO]  Try to delete reply 是她爸爸吃她的屎 post by 我是小女孩阿/None
<2020-07-11 10:50:18> [INFO]  Try to delete reply 背着我的魍魉妹妹路过再见 post by 我是小女孩阿/None
<2020-07-11 10:50:26> [INFO]  Try to delete reply 有对手工手办，DIY，手办模型，动漫人物制作感兴趣的小伙伴吗🌸我建立了一个交流群，会在群里分享视频教程和素材  大家快来加入吧 post by 莫名的843/None
<2020-07-11 10:51:12> [INFO]  Try to delete reply 资本的博弈 post by 我是小女孩阿/None
<2020-07-11 10:51:14> [INFO]  Try to delete reply 资本的博弈 post by 我是小女孩阿/None
<2020-07-11 10:51:43> [INFO]  Try to delete reply 长期招人，完全免费一天50 80不嫌少的话可以私聊，上手容易，我全天都在🍀 post by abc阳仔98/🍼寻觅
<2020-07-11 10:51:44> [INFO]  Try to delete reply 长期招人，完全免费一天50 80不嫌少的话可以私聊，上手容易，我全天都在🍀 post by abc阳仔98/🍼寻觅
<2020-07-11 10:51:46> [INFO]  Try to delete thread 喜欢穿搭的小伙伴，一定要来看看，一比一復刻 post by 澳门赌场r0/澳门赌场r0
<2020-07-11 10:51:48> [INFO]  Try to delete reply 搞不懂穿lo到处跑的 post by 我是小女孩阿/None
<2020-07-11 10:51:49> [INFO]  Try to delete thread 喜欢穿搭的小伙伴，一定要来看看，一比一復刻 post by zw4cl3/zw4cl3
<2020-07-11 10:52:06> [INFO]  Try to delete reply 长期招人，完全免费一天50 80不嫌少的话可以私聊，上手容易，我全天都在🍀 post by abc阳仔98/🍼寻觅
<2020-07-11 10:52:33> [INFO]  Try to delete reply 真的绝美啊 post by 五哥s大大/兔眠子º
<2020-07-11 10:52:37> [INFO]  Try to delete reply 坐标湘a 可以面基游戏最好 本人喜欢炉石，王者荣耀 喜欢jk小姐姐 可长期 可资助 post by 小说啊你/大哥晃多少年😁
<2020-07-11 10:52:38> [INFO]  Try to delete reply 坐标湘a 可以面基游戏最好 本人喜欢炉石，王者荣耀 喜欢jk 萝莉 小姐姐 可长期 可资助【图片】 post by 小说啊你/大哥晃多少年😁
<2020-07-11 10:52:39> [INFO]  Try to delete reply 找慕，北京天津河北最好，有意可加q2797677052 post by serloves/心心相融🐼
<2020-07-11 10:52:43> [INFO]  Try to delete reply 找个长期女友，来我城市我养你，给你化妆品衣服等等，每个月再给零花钱，有什么要求直接说，本人颜值还可以，不丑，27，175，56 post by 永遠是我的唯壹/None
<2020-07-11 10:52:48> [INFO]  Try to delete reply 长期招人，完全免费一天50 80不嫌少的话可以私聊，上手容易，我全天都在🍀 post by abc阳仔98/🍼寻觅
<2020-07-11 10:52:49> [INFO]  Try to delete reply 本人之前因为脫，不敢出门，今天头发能回来，自己也算是半个砖家了，我教一下大家吧 其中不少人就有这样的感慨，自己的压力大了，头发也越来越少了，甚至有些人还没到中年就开始脱发了，九零后都开始在担忧自己的发际线，对于脱发我们必须引起重视了。可为什么很多人到了中年都会脱发呢？为何中年会脱发甚至谢顶？原因一：遗传因素脱发也是有遗传的因素，如果自己的父母或家族中有脱发的情况，那么自己到了一定年纪之后也会出现脱发的问题，其实有些人在三十几岁的时候就已经脱发很严重了。原因二：激素问题不少人虽然年纪不是很大，但是头发确非常少，甚至出现了谢顶的情况，这大部分是因为雄激素发生了异常情况，这种情况也叫做雄激素性脱发，这种疾病一般都是男性会比较常遇到，女性群体也会，但是相对来说还算比较少。     脱发的问题困扰了很多人，如果发量太少看上去就会显老，及时改善才能让自己看上去更年轻。而本人能把脫的问题 彻底解决，让头发重新回归，是因为运气好，遇到了一个老師，在他详细的计--划 指导之下，我的头发才一步步的回来了，为了帮到更多伙伴，我说下他的尾 吧，以便能帮助下其他人，是 （第一部分 是s f 第二 部分是 z j 第三部分是 321）能帮助大家告别脫的，就像我这样，感觉回归了。原因三：长期压力过大如果你有观察过，就会发现，长期加班熬夜的人，或工作压力大的人，他们的头发也不是很浓密，压力过大会让一个人情绪不稳定，从而影响内分泌，自己的雄性激素水平也会产生影响，脱发的问题便会越来越严重。原因四：长期不良的生活习惯和饮食习惯如果长期生活习惯不合理，也会加剧脱发的情况，如果每天脱发的数量明显增加了，就要多注意了，可能是内分泌紊乱的表现。另外如果长期喜欢吃油腻的食物，那么头皮肯定会变得很油，这也会增加脱发的情况。脱发是每个人都会出现的情况，但是有些人脱发的情况比较严重，有些人就还好，如果自己每天脱发的数量超过一百根，那么情况就比较严重了，需要介入其他手段减少脱发。脱发问题要怎么解决？方法一：选择合适的东东通过外用，调整雄性激素水平是治疗脱发的一种方法，但是也要先看看是否是因为雄性激素失去平衡才导致脱发的，不是所有人都适合通过外用的方法来改善。方法二：植发随着技术水平的提高，现在解决脱发问题的手段越来越多，通过植发的方法就可以直接有效的改善脱发的问题。这种方法一般是以毛囊为单位计算，正规医院都有提供这种服务的。但说实话植发的价格也是有点高，还要看技术人员的专业水平。方法三：调整饮食和生活习惯如果自己还没有到中年就脱发，那么就要多关注自己的生活习惯了，有时候是因为高压力的工作或者失眠导致的脱发，及时调整都可以改善脱发的。 post by 为了无影ig3/None
<2020-07-11 10:52:54> [INFO]  Try to delete reply 等级有啥用 post by 我是小女孩阿/None
<2020-07-11 10:52:56> [INFO]  Try to delete reply 贝壳 爸爸 最爱 post by 我是小女孩阿/None
<2020-07-11 10:52:56> [INFO]  Try to delete reply 你天空树 胸好大 穿有点... 不过还是挺可爱的 post by 我是小女孩阿/None
<2020-07-11 10:53:09> [INFO]  Try to delete reply 招募声音主播（不露脸）多人语音直播间（男女都要）声音好听 聊天有气氛跟直播间大哥聊天不怯场保底3000-8000预计收入1万到5万门槛低一手机一个耳机才艺 声优 小姐姐优先情商高 优先可以在家 需要单独空间包培训 无押     提成日结周结月结都可 post by 晚灯梦里/我是帅哥😄😫
<2020-07-11 10:53:33> [INFO]  Try to delete reply 长期招人，完全免费一天50 80不嫌少的话可以私聊，上手容易，我全天都在🍀 post by abc阳仔98/🍼寻觅
<2020-07-11 10:53:53> [INFO]  Try to delete reply 说你小学生打扮不是夸你的嘛 这也能生气  有一说一  报纸娃娃 挺可爱的 post by 我是小女孩阿/None
<2020-07-11 10:53:53> [INFO]  Try to delete reply @沈轩a✨ post by 我是小女孩阿/None
<2020-07-11 10:54:49> [INFO]  Try to delete reply 如今lo吧只剩下一些公主 post by 我是小女孩阿/None
<2020-07-11 10:54:49> [INFO]  Try to delete reply 爸爸要带着我的魍魉妹妹浪迹天涯 post by 我是小女孩阿/None
<2020-07-11 10:54:54> [INFO]  Try to delete reply 不好 post by 我是小女孩阿/None
<2020-07-11 10:54:56> [INFO]  Try to delete reply 不好 post by 我是小女孩阿/None
<2020-07-11 10:55:47> [INFO]  Try to delete reply 找吗，北京天津河北，有意可加q2797677052 post by serloves/心心相融🐼
<2020-07-11 10:56:22> [INFO]  Try to delete reply 抖音招聘兼职、   公司跟各大、网红、明星、抖商、需要大量粉丝、    需要大量的真实抖音号点赞、累计大量点赞率    招聘、宝妈 学生 老师社会有空余时间的人员点赞    完成一次点赞1.8元、长期可做   有需要的联系： post by 灏忕儕馃憣/贴吧用户_7UJ4G86
<2020-07-11 10:56:23> [INFO]  Try to delete reply 抖音招聘兼职、   公司跟各大、网红、明星、抖商、需要大量粉丝、    需要大量的真实抖音号点赞、累计大量点赞率    招聘、宝妈 学生 老师社会有空余时间的人员点赞    完成一次点赞1.8元、长期可做   有需要的联系： post by 灏忕儕馃憣/贴吧用户_7UJ4G86
<2020-07-11 10:56:27> [INFO]  Try to delete reply lo吧大舞台 有妈你就来 post by 我是小女孩阿/None
<2020-07-11 10:56:38> [INFO]  Try to delete reply lo吧大舞台 有妈你就来 post by 我是小女孩阿/None
<2020-07-11 10:56:38> [INFO]  Try to delete reply  post by 我是小女孩阿/None
<2020-07-11 10:56:56> [INFO]  Try to delete reply 深圳 来个线下 post by 暖咖啡/None
<2020-07-11 10:57:15> [INFO]  Try to delete reply 长期招人，完全免费一天50 80不嫌少的话可以私聊，上手容易，我全天都在🍀 post by abc阳仔98/🍼寻觅
<2020-07-11 10:57:16> [INFO]  Try to delete reply 微信建了一个摄影后期 PS CAD 3Dmax交流学习群，还有设计资料和安装包可以得到，想加入的可以扫我，进群只要不打广告就可以的呢～备注贴吧哦# post by 159cjlwwz/🐯野蛮生长
<2020-07-11 10:57:45> [INFO]  Try to delete reply 一只小小鸟伊人。 post by 粒12312/None
<2020-07-11 10:57:52> [INFO]  Try to delete reply 有山正的区别吗 post by y夜静天明/世中逢尔✨✨
<2020-07-11 10:58:00> [INFO]  Try to delete reply 长期招人，完全免费一天50 80不嫌少的话可以私聊，上手容易，我全天都在🍀 post by abc阳仔98/🍼寻觅
<2020-07-11 10:58:15> [INFO]  Try to delete reply  post by 1551515zzz/None
<2020-07-11 10:59:01> [INFO]  Try to delete thread 高薪招聘主播工作内容：负责在抖音 或者花椒平台进行网络直播 post by /贴吧用户_a9Ze1K1
<2020-07-11 10:59:14> [INFO]  Try to delete reply 你的代购都来我这里拿货！擦亮眼睛啦！！！一比一哈 质量绝对有保证 不是小作坊生产 让你用最少的钱体验到大牌品质 所有商品随意鉴定都可以自己也在用 沙漠玫瑰眼影盘 ysl口红 很好用并且跟原品一摸一样啊！！TF一百块 香奈儿香水两百块 代购来我这里拿200的卖你2000也不是没可能 薅羊毛太香啦！！！ Christine2769 姐妹们冲！！！ post by ly爱金钟大chen/None
<2020-07-11 10:59:15> [INFO]  Try to delete reply 你的代购都来我这里拿货！擦亮眼睛啦！！！一比一哈 质量绝对有保证 不是小作坊生产 让你用最少的钱体验到大牌品质 所有商品随意鉴定都可以自己也在用 沙漠玫瑰眼影盘 ysl口红 很好用并且跟原品一摸一样啊！！TF一百块 香奈儿香水两百块 代购来我这里拿200的卖你2000也不是没可能 薅羊毛太香啦！！！ Christine2769 姐妹们冲！！！ post by ly爱金钟大chen/None
<2020-07-11 10:59:36> [INFO]  Try to delete reply 有仙女出袜子的吗，dd post by /浅欢◎
<2020-07-11 11:00:19> [INFO]  Try to delete reply  post by 我是小女孩阿/None
<2020-07-11 11:00:40> [ERROR]  Failed to get threads in lolita!
<2020-07-11 11:01:25> [INFO]  Try to delete reply  post by 2921631586QQ/None
<2020-07-11 11:01:44> [INFO]  Try to delete reply 这就是两张定金卡了，那个图片小姐姐绝美 post by 五哥s大大/兔眠子º
<2020-07-11 11:02:22> [INFO]  Try to delete reply 等着你卖身救母呢 post by 我是小女孩阿/None
<2020-07-11 11:02:34> [INFO]  Try to delete reply 招募声音主播（不露脸）多人语音直播间（男女都要）声音好听 聊天有气氛跟直播间大哥聊天不怯场保底3000-8000预计收入1万到5万门槛低一手机一个耳机才艺 声优 小姐姐优先情商高 优先可以在家 需要单独空间包培训 无押     提成日结周结月结都可 post by 晚灯梦里/我是帅哥😄😫
<2020-07-11 11:02:39> [INFO]  Try to delete reply 长期招人，完全免费一天50 80不嫌少的话可以私聊，上手容易，我全天都在🍀 post by abc阳仔98/🍼寻觅
<2020-07-11 11:02:45> [INFO]  Try to delete reply 母 狗 你不就好这口嘛 post by 我是小女孩阿/None
<2020-07-11 11:02:47> [INFO]  Try to delete reply 母 狗 你不就好这口嘛 post by 我是小女孩阿/None
<2020-07-11 11:02:48> [INFO]  Try to delete reply 有没有不想努力，找人养的小可爱；经济强，脾气性格好，疼人。养你，宠你，给零花，清债务，给买包包，香水；颜好的可爱直接私，颜高不介意位置，不喜胖。 post by 如复33/None
<2020-07-11 11:02:52> [INFO]  Try to delete reply 青岛或者长沙等个长期，线下小姐姐dd post by Yy顾城/None
<2020-07-11 11:03:33> [INFO]  Try to delete reply 长期招人，完全免费一天50 80不嫌少的话可以私聊，上手容易，我全天都在🍀 post by abc阳仔98/🍼寻觅
<2020-07-11 11:03:56> [INFO]  Try to delete reply 你们不喜欢这朵花就要把它杀死吗？ post by 我是小女孩阿/None
<2020-07-11 11:03:56> [INFO]  Try to delete reply 我那些姐姐都哪里去了 post by 我是小女孩阿/None
<2020-07-11 11:03:56> [INFO]  Try to delete reply 现在吧里都是一些什么妖魔鬼怪 post by 我是小女孩阿/None
<2020-07-11 11:03:56> [INFO]  Try to delete reply 就没一个可爱姐姐 post by 我是小女孩阿/None
<2020-07-11 11:03:58> [INFO]  Try to delete reply 你们不喜欢这朵花就要把它杀死吗？ post by 我是小女孩阿/None
<2020-07-11 11:03:58> [INFO]  Try to delete reply 我那些姐姐都哪里去了 post by 我是小女孩阿/None
<2020-07-11 11:03:58> [INFO]  Try to delete reply 现在吧里都是一些什么妖魔鬼怪 post by 我是小女孩阿/None
<2020-07-11 11:03:58> [INFO]  Try to delete reply 就没一个可爱姐姐 post by 我是小女孩阿/None
<2020-07-11 11:04:13> [INFO]  Try to delete reply 那些母 狗 配吗 我龙女姐姐很可爱的 就是欧派大了一点 post by 我是小女孩阿/None
<2020-07-11 11:04:37> [INFO]  Try to delete reply qq群号：712921285 post by 很好吃yy/None
<2020-07-11 11:04:46> [INFO]  Try to delete reply  post by 伟大的钢琴家丶/凉介xnº
<2020-07-11 11:05:35> [INFO]  Try to delete reply 她们是祖安公主 才不是lo娘呢 post by 我是小女孩阿/None
<2020-07-11 11:05:47> [INFO]  Try to delete reply  post by 我是小女孩阿/None
<2020-07-11 11:05:50> [INFO]  Try to delete reply 您好我叫刘希望我妻子王园园和孩子在今年五月二十八号突发脑出血被确诊为左侧小脑血管畸形在菏泽市市立医院花费了十多万，产下一子孩子也在重症监护室已花费了六万多元，后妻子又转到了济南市千佛山医院现已花费将近十万多元，现总花费将近30万迫不得已在水滴筹发起筹款，希望大家帮帮我们这一个小家吧，谢谢大家请大家帮我转发一下，认证一下谢谢大家 post by 我想你了woang/None
<2020-07-11 11:06:23> [INFO]  Try to delete reply 想偷你的裙子 post by 我是小女孩阿/None
<2020-07-11 11:07:59> [INFO]  Try to delete thread 有没有对做原创裙子有兴趣且学过服装设计的姐妹呀，dd我。 post by lulutuu/lulutuu
<2020-07-11 11:08:06> [INFO]  Try to delete reply cptako好像有闲鱼代付的功能，你用花呗分期付给cptako，cptako帮你拍下裙子，可以试试 post by 月升雨下/None
<2020-07-11 11:08:54> [INFO]  Try to delete reply 有想学PS修图P图，摄影后期，PR抖音视频剪辑，AE后期，PS转手绘，3DMAX，CAD，电商美工，室内设计，3D婚宴设计的吗？有无基础都可以，专业老师线上免费直播授课，名额有限。 post by 无妄已成性/阿一🌼
<2020-07-11 11:09:56> [INFO]  Try to delete reply 买lo裙卖的 post by 我是小女孩阿/None
<2020-07-11 11:10:03> [INFO]  Try to delete reply 长期招人，完全免费一天50 80不嫌少的话可以私聊，上手容易，我全天都在🍀 post by abc阳仔98/🍼寻觅
<2020-07-11 11:11:02> [INFO]  Try to delete reply 长期收lo裙 只要带吊牌的 post by 折一枝桃花换酒/None
<2020-07-11 11:11:23> [INFO]  Try to delete reply  post by liu7667狮子/艾瑞芭迪♋
<2020-07-11 11:11:32> [INFO]  Try to delete reply 有没有合肥小姐姐，处长期，有意的私聊我 post by 一梦幻10年/None
<2020-07-11 11:11:56> [INFO]  Try to delete reply  post by liu7667狮子/艾瑞芭迪♋
<2020-07-11 11:12:10> [INFO]  Try to delete reply 一个好商标，抵过千万广告费。优质品牌名可以帮您打开市场销路，避免侵权，一流服务品质+百分百下发商标受理通知书，您只管赚钱，我为你解难。我国每天商标申请超过3万件，也就是说，每拖1天，就有3万多个注册申请在你之前提交，说不定就和您想好的商标重复或近似了，商标申请不易，想个好名字不易，注册商标要趁早。商标注册有需要私聊我或者VX联系，yyyang973111 post by 诚实的卑鄙的我/None
<2020-07-11 11:12:20> [INFO]  Try to delete reply 基础到深入的设计公开课，有想蹭课的么？ post by glua61/威尼斯😄◆
<2020-07-11 11:12:39> [INFO]  Try to delete reply 这种 不喜欢可以不买呀 post by 我是小女孩阿/None
<2020-07-11 11:13:36> [INFO]  Try to delete reply 急需淘宝天猫导购员，女士优先，在家工作，时间自由，宝妈，大学生，上班族都可以，只要会网购的，年满18周岁！有无经验均可，有团队带 ！ post by shenkeda99/等你很久🍒
<2020-07-11 11:14:56> [INFO]  Try to delete reply 长期收人，完全免费，一天五六十不嫌少的来，肯做就教，我全天都在 post by VX郏wxm998833/None
<2020-07-11 11:14:57> [INFO]  Try to delete reply 长期收人，完全免费，一天五六十不嫌少的来，肯做就教，我全天都在 post by VX郏wxm998833/None
<2020-07-11 11:15:04> [INFO]  Try to delete reply 线下的loli妹妹私我 post by /陪你走过阴天-
<2020-07-11 11:16:30> [INFO]  Try to delete reply 广州服装工作室，坐标：广州海珠区离中大布匹市场近。可打版制版做样衣。Lolita、jk都可以，也接小单哦！有意者可联系我 post by 星星糖喵66/糖喵🍭
<2020-07-11 11:17:15> [INFO]  Try to delete reply 微信建了一个ps修图，短视频剪辑抖音，快手的各种短视频剪辑制作，摄影后期，UI，AI，CAD，室内设计以及摄影后期的欢迎大家来交流学习  只要不打广告就可以呢 post by flyllll112/青柠n🍀
<2020-07-11 11:17:55> [INFO]  Try to delete reply 【本吧推荐】淘宝京东苏宁购物一首线报群，每天整点限时秒杀半价、促销商品都是好价，豪车、bug单、日常活动以及节日大促活动豪车多多！群里各种各样的好东西，每天更新，欢迎入驻！ post by changudq520/根根♤
<2020-07-11 11:18:08> [INFO]  Try to delete reply 分享各种淘宝内部优惠卷我会把所有的优惠信息，漏洞信息，包括各种秒杀、福利、低价之类的信息都发在群里喜欢的扫码进群，免费的哟！！！关于零食、化妆品、日用品、电器等等通通都有 post by 酱紫嘿/线报小能手☜
<2020-07-11 11:18:17> [INFO]  Try to delete reply 你 她 嘛  也 太可爱了吧 post by 我是小女孩阿/None
<2020-07-11 11:18:25> [INFO]  Try to delete thread 学习设计ps，带萌新徒弟了哟。有想学设计的小伙伴吗？，想收几 post by 爱饺子乐园/爱饺子乐园
<2020-07-11 11:18:33> [INFO]  Try to delete reply 好难看 post by 我是小女孩阿/None
<2020-07-11 11:18:36> [INFO]  Try to delete reply 口红有需要的吗，现在60两只包非偏远。这个实物超级好看。 post by 共候梅上雪/晚晚不能安ლ
<2020-07-11 11:18:41> [INFO]  Try to delete reply  post by xx1234hao/你要矿泉水吗✨
<2020-07-11 11:18:42> [INFO]  Try to delete reply  post by xx1234hao/你要矿泉水吗✨
<2020-07-11 11:18:52> [INFO]  Try to delete reply 康康 post by liu7667狮子/艾瑞芭迪♋
<2020-07-11 11:19:27> [INFO]  Try to delete reply 什么问题没看明白 post by 我是小女孩阿/None
<2020-07-11 11:19:40> [INFO]  Try to delete reply 长期招人，完全免费一天50 80不嫌少的话可以私聊，上手容易，我全天都在🍀 post by abc阳仔98/🍼寻觅
<2020-07-11 11:19:41> [INFO]  Try to delete reply 长期招人，完全免费一天50 80不嫌少的话可以私聊，上手容易，我全天都在🍀 post by abc阳仔98/🍼寻觅
<2020-07-11 11:19:50> [INFO]  Try to delete reply 您好我叫刘希望我妻子王园园和孩子在今年五月二十八号突发脑出血被确诊为左侧小脑血管畸形在菏泽市市立医院花费了十多万，产下一子孩子也在重症监护室已花费了六万多元，后妻子又转到了济南市千佛山医院现已花费将近十万多元，现总花费将近30万迫不得已在水滴筹发起筹款，希望大家帮帮我们这一个小家吧，谢谢大家请大家帮我转发一下，认证一下谢谢大家 post by 我想你了woang/None
<2020-07-11 11:20:07> [INFO]  Try to delete reply 建了个群 群内可以分享表情包（主要分享罗熙 黄夏温和tatan）还可以分享壁纸头像和朋友圈文案 要进的加 post by BOSS晁/BOSS晁
<2020-07-11 11:20:31> [INFO]  Try to delete reply 资本的力量 post by 我是小女孩阿/None
<2020-07-11 11:20:41> [INFO]  Try to delete reply 欢迎大家加入Lolita摄影交流群1130354665，线上交流、出物、避坑，防止被骗，线下聚会，同城约拍，进群备注地区。 post by 158652t/携剑赴风波⚡
<2020-07-11 11:20:55> [INFO]  Try to delete reply  post by liu7667狮子/艾瑞芭迪♋
<2020-07-11 11:21:06> [INFO]  Try to delete reply 春雷计划 post by 我是小女孩阿/None
<2020-07-11 11:21:06> [INFO]  Try to delete reply 这么爱波波呀 羡慕了 post by 我是小女孩阿/None
<2020-07-11 11:21:18> [INFO]  Try to delete reply 蹲一个上脚图 post by 我是小女孩阿/None
<2020-07-11 11:21:19> [INFO]  Try to delete reply 蹲一个上脚图 post by 我是小女孩阿/None
<2020-07-11 11:21:37> [INFO]  Try to delete reply 您好我叫刘希望我妻子王园园和孩子在今年五月二十八号突发脑出血被确诊为左侧小脑血管畸形在菏泽市市立医院花费了十多万，产下一子孩子也在重症监护室已花费了六万多元，后妻子又转到了济南市千佛山医院现已花费将近十万多元，现总花费将近30万迫不得已在水滴筹发起筹款，希望大家帮帮我们这一个小家吧，谢谢大家请大家帮我转发一下，认证一下谢谢大家 post by 我想你了woang/None
<2020-07-11 11:23:06> [INFO]  Try to delete reply 1 post by 我是小女孩阿/None
<2020-07-11 11:23:08> [INFO]  Try to delete reply #斗图##千张##沙雕##暴走#沙雕斗图群 快来快来～位置不多 post by 你才是骚猪/None
<2020-07-11 11:23:59> [INFO]  Try to delete reply  post by 我是小女孩阿/None
<2020-07-11 11:24:00> [INFO]  Try to delete reply  post by 我是小女孩阿/None
<2020-07-11 11:24:55> [INFO]  Try to delete reply lo姨你好 post by 我是小女孩阿/None
<2020-07-11 11:25:41> [INFO]  Try to delete reply 暖主 男 有任务 处长期 先网在现实 懂得私聊 post by /贴吧用户_aUJMPQE
<2020-07-11 11:26:20> [INFO]  Try to delete reply 蔡萝莉是谁？ post by 我是小女孩阿/None
<2020-07-11 11:27:48> [INFO]  Try to delete reply 杭州线下 蹲个lo娘 post by 吼吼吼嘿嘿嘿jj/j1hyº
<2020-07-11 11:29:36> [INFO]  Try to delete reply 招募声音主播（不露脸）多人语音直播间声音好听 聊天有气氛跟直播间大哥聊天不怯场保底3000-8000预计收入1万到5万门槛低一手机一个耳机才艺 声优 小姐姐优先情商高 优先可以在家 需要单独空间包培训 无押     提成日结周结月结都可 post by 晚灯梦里/我是帅哥😄😫
<2020-07-11 11:29:47> [INFO]  Try to delete reply  post by 片濑督颗/None
<2020-07-11 11:29:56> [INFO]  Try to delete reply 提供B站（哔哩哔哩）广告代理服务中国领先的年轻人聚集的文化社区，用户有着极高的黏性与忠诚度我司主要承接信息流广告、邀约广告、商业起飞、企业蓝V、UP主商单等UP主商单：视频合作、直播合作、线下合作、B动态合作、授权合作广告资源：商业起飞助力传播、邀约广告导流提效、信息流广告定向转化配套基础设施：企业蓝V玩法多样：保量玩法、矩阵玩法、全域玩法随需选，CPC、oCPC、CPM竞价方式灵活。欢迎有开户需求、投放需求的广告主前来咨询！哔哩哔哩 (゜-゜)つロ 干杯~ post by 八班狼天下无敌/None
<2020-07-11 11:30:42> [INFO]  Try to delete reply 你可以叫她开咸鱼链接给你拍，然后她自己先掏钱付尾款，你收到货后确认收货钱她也就拿到了，反正我从来不会走代付的 post by 莫筱歌i/None
<2020-07-11 11:30:42> [INFO]  Try to delete reply 代付她万一地址填的不是你的呢，又或者填了后又改地址呢 post by 莫筱歌i/None
<2020-07-11 11:30:42> [INFO]  Try to delete reply 可以走代付呀 post by day紫月薰/薄山色º
<2020-07-11 11:30:44> [INFO]  Try to delete reply 我前两天也在闲鱼出了定金一开始说好代付结果付的时候发现不行就和买家商量好了她给我转钱本来说压身份证我只给了名字地址，闲鱼几十个好评没必要骗这一两百 post by 我的兔子生病了/None
<2020-07-11 11:30:44> [INFO]  Try to delete reply 直接走代付不就好了 post by 球球菌520/池樱香子º
<2020-07-11 11:30:44> [INFO]  Try to delete reply 可以联系客服问问有没有解决方案，有的店碰到这种应该会允许拍1元拍，1元拍就可以走代付了【另外现在代付好像可以用花呗，我上次代付就是用的花呗】 post by 盜之殤/是小麒麟呀º
<2020-07-11 11:31:08> [INFO]  Try to delete reply 暖主 男 有任务 处长期 先网在现实 懂得私聊 post by /贴吧用户_aUJMPQE
<2020-07-11 11:32:28> [INFO]  Try to delete reply 斯卡布罗集市 post by 拂i晓/None
<2020-07-11 11:33:02> [INFO]  Try to delete reply 招募声音主播（不露脸）多人语音直播间声音好听 聊天有气氛跟直播间大哥聊天不怯场保底3000-8000预计收入1万到5万门槛低一手机一个耳机才艺 声优 小姐姐优先情商高 优先可以在家 需要单独空间包培训 无押     提成日结周结月结都可 post by 晚灯梦里/我是帅哥😄😫
<2020-07-11 11:33:15> [INFO]  Try to delete reply 现在穿裙子都穿出优越感了？就那天在我们学校碰见她，然后传天街，我朋友说绝版了，很好看，就说了他一个好看而已，说自己烦，就问可以加个QQ吗？面无表情的说你加那个群了吗，现在成了我们咋呼？还快手截图，服了现在的这些lo娘，自信过头了吧，我可真是害怕了呢 post by 乐潼儿/樱雪宝贝💕
<2020-07-11 11:33:27> [INFO]  Try to delete reply 不错嘛 挺好看的 post by 我是小女孩阿/None
<2020-07-11 11:33:32> [INFO]  Try to delete reply 棒棒哒兼职 完全免费 有兴趣可以了解下 post by /♬一起
<2020-07-11 11:34:03> [INFO]  Try to delete reply  post by 二呆小鹅/None
<2020-07-11 11:34:11> [INFO]  Try to delete reply 屠龙者终成恶龙 post by 我是小女孩阿/None
<2020-07-11 11:34:12> [ERROR]  Failed to get threads in lolita!
<2020-07-11 11:34:35> [INFO]  Try to delete reply 没几件好看的 post by 我是小女孩阿/None
<2020-07-11 11:35:00> [INFO]  Try to delete reply 拉风 post by 我是小女孩阿/None
<2020-07-11 11:36:16> [INFO]  Try to delete reply sks码带个小边170 post by 猫十七啊/十七说-
<2020-07-11 11:36:40> [INFO]  Try to delete reply 七煌官方招募一位二次元女主播，待遇较好，最好坐标上海！ post by litlitagor/None
<2020-07-11 11:37:51> [INFO]  Try to delete reply ——免费出片修片——坐标太原，本人是一个以前一直拍风光和星野的重度发烧男生，器材齐全，包括灯光，不是野鸡摄影可拍jk 日系 汉服 cos 漫展人像，因为以前拍人像很少，所以想再修炼下水平拍，的不好也别怪我就好咯。最好是有请过专业摄影师的女生，有意者私聊。 post by 银D/None
<2020-07-11 11:38:14> [INFO]  Try to delete reply 淘宝：独怪工作室招种草姬有意➕qq2741488464🐧群：658623476￼  （进群可找管理员领🧧）vx：xzojbk666 post by 杏子爱cc/None
<2020-07-11 11:38:30> [INFO]  Try to delete reply 球大家康康卑微电阻设计的小裙砸吧，直接做的现货只需要188一件现货还包游！上架一星期销量不超过十件呜呜设计理念是一群鸽子表情包的联想，以及是正腰的设计，大熊友好，平熊可爱，底色为黑色也是为了显瘦，后面全素鸡大码lo娘也能穿！不管是日常穿搭还是全套搭配都可以～真的又平价又好看嗷！最近在本地摆摊也是很多妹子喜欢嗷！现货数量也不多！赶紧来下蛋叭！ post by 送命的提莫宝宝/何西瓜🐼
<2020-07-11 11:38:48> [INFO]  Try to delete reply 双马尾 post by 我是小女孩阿/None
<2020-07-11 11:39:31> [INFO]  Try to delete reply 职位要求没有经验是可以的!没有经验是可以的!没有经验是可以的!公司运营- -对- - 辅导，专门教主播怎么做直播的~无责任保底只要时间够。招聘优质主播娱乐和游戏主播每月26天有效时长，每天6小时保底3000-10000上不封顶提成奖励。1.免费培训2.直播平台:探探，网易cc(绿色直播)3.工作地点:可以在家直播，也可以来公司不限制地区4.工资发放:日结，月结都可。5.月休4天自由安排6.直播内容:聊天、唠家常、唱歌、开玩笑、互动小游戏等，不要求直播经验和才艺(如果有才艺请特殊说明)。7.男女均可。娱乐主播，游戏主播。8.包住宿，专业化妆师，舞蹈音乐培训，道具，服装。公司地点在重庆大学城，重庆金丝雀文化传媒有限公司。可以电话和微信同号联系我李小姐:19185536521。 post by /喜欢乖狗狗🐶🐶
<2020-07-11 11:39:36> [INFO]  Try to delete reply 招募声音主播（不露脸）多人语音直播间声音好听 聊天有气氛跟直播间大哥聊天不怯场保底3000-8000预计收入1万到5万门槛低一手机一个耳机才艺 声优 小姐姐优先情商高 优先可以在家 需要单独空间包培训 无押     提成日结周结月结都可 post by 晚灯梦里/我是帅哥😄😫
<2020-07-11 11:40:25> [INFO]  Try to delete reply  post by 廉功先lvm_3o/🌊不迎我我自来
<2020-07-11 11:41:02> [INFO]  Try to delete reply  post by 我是小女孩阿/None
<2020-07-11 11:41:06> [INFO]  Try to delete reply 这是裙子吗？ 发我们吧干嘛 post by 我是小女孩阿/None
<2020-07-11 11:41:06> [INFO]  Try to delete reply  post by 我是小女孩阿/None
<2020-07-11 11:41:22> [INFO]  Try to delete reply 有谁想学Ps修图，PR短视频剪辑，AE，Ai，插画，UI，3Dmax，CAD，以及摄影后期的吗？有没有基础都可以学，免费的公开课每天都有三节，朋友圈经常也会有过程图更新，感兴趣的可以加她微信 post by 我的听雨轩3099/豆本豆豆豆😄
<2020-07-11 11:42:58> [INFO]  Try to delete reply 劝你扔垃圾桶 post by 我是小女孩阿/None
<2020-07-11 11:43:39> [INFO]  Try to delete reply 有喜欢的可以自取！朋友圈给你们白嫖！ post by 一血课/芝麻汤圆kk💫
<2020-07-11 11:43:59> [INFO]  Try to delete reply 资助一个小可爱 post by 独孤语幽皇径/None
<2020-07-11 11:44:57> [INFO]  Try to delete reply 喜欢lolita小裙裙的小姐姐看过来了！！！之前和女朋友分手，给她买的有一部分东西都是新的，自己也用不到了，所以诚心送！唯一要求就是，希望你们它们想我对她一样的喜爱，坚贞不渝！水母姬opM（只穿过一次）狙击甜心粉36  37均能穿（只是打开盒子看了一下）紫色发带（未动用）猫耳（这个应该也只用了一次）等等！这里就不一一列出来了，（只能放四张图）具体私我！另外，已经过去很长时间了，是时候追求自己新的生活，不想一直活在原来的阴影里，所以诚心找一位对象！要求，外在的话，lo娘加双马尾（含其他坑均可），微胖以下都可，18到22，粉系软妹。我自己不是很帅，175*105比较偏白！内在的话我觉得互相了解才行！有意私聊，或者q1156430216 post by qqq123456699/丶萌小欣🌱
<2020-07-11 11:45:07> [INFO]  Try to delete reply 可爱姐姐 留个QQ post by 我是小女孩阿/None
<2020-07-11 11:45:16> [INFO]  Try to delete reply 先付定金，尾款走代付？ post by 空屿歌/温柔不换所有º
<2020-07-11 11:45:18> [INFO]  Try to delete reply 先付定金，尾款走代付？ post by 空屿歌/温柔不换所有º
<2020-07-11 11:45:22> [INFO]  Try to delete reply 姐姐有甜裙嘛？ post by 我是小女孩阿/None
<2020-07-11 11:45:23> [INFO]  Try to delete reply 姐姐有甜裙嘛？ post by 我是小女孩阿/None
<2020-07-11 11:46:12> [INFO]  Try to delete reply 大家可以去【魔豆湾】，唯一拥有小程序的摄影约拍、旅拍、街拍、视觉作品创作平台！大量专业摄影师、化妆师、设计师、模特、素人、coser、cosplay、jk、lolita、摄影爱好者，自由组合！一起约拍，一起追光逐影，一起创作得意作品！还可以接通告做兼职赚钱哦！！！ post by 慕容山柳1986/None
<2020-07-11 11:46:12> [INFO]  Try to delete reply 好可爱 post by 我是小女孩阿/None
<2020-07-11 11:46:12> [INFO]  Try to delete reply 天空树  还胖 胸又大  ** post by 我是小女孩阿/None
<2020-07-11 11:46:14> [INFO]  Try to delete reply 大家可以去【魔豆湾】，唯一拥有小程序的摄影约拍、旅拍、街拍、视觉作品创作平台！大量专业摄影师、化妆师、设计师、模特、素人、coser、cosplay、jk、lolita、摄影爱好者，自由组合！一起约拍，一起追光逐影，一起创作得意作品！还可以接通告做兼职赚钱哦！！！ post by 慕容山柳1986/None
<2020-07-11 11:46:14> [INFO]  Try to delete reply 好可爱 post by 我是小女孩阿/None
<2020-07-11 11:46:14> [INFO]  Try to delete reply 天空树  还胖 胸又大  ** post by 我是小女孩阿/None
<2020-07-11 11:46:44> [INFO]  Try to delete reply 招募声音主播（不露脸）多人语音直播间声音好听 聊天有气氛跟直播间大哥聊天不怯场保底3000-8000预计收入1万到5万门槛低一手机一个耳机才艺 声优 小姐姐优先情商高 优先可以在家 需要单独空间包培训 无押     提成日结周结月结都可 post by 晚灯梦里/我是帅哥😄😫
<2020-07-11 11:46:51> [INFO]  Try to delete reply 牛奶 post by 我是小女孩阿/None
<2020-07-11 11:46:51> [INFO]  Try to delete reply 和鞋子一样的那个裙子  忘记了 post by 我是小女孩阿/None
<2020-07-11 11:48:31> [INFO]  Try to delete reply 批发小龙虾 量大来谈 post by 专搞虾子/搞虾达人☜
<2020-07-11 11:48:42> [INFO]  Try to delete reply lolita吧怎么这么多ex的人啊，说这个tank说那个tank，你怎么不去照照镜子？哪来的臭dd! post by ff愿风/孙孝川💖
<2020-07-11 11:48:49> [INFO]  Try to delete reply 退圈了 出裙子 大刀 全是正 基本m-l码 有喜欢的可以加我v：QwQAQAQAQwQ 全是正 很多裙子 懒得单独拍了 可打包 跳楼刀 买500以上随机送一件lo或者制服lo鞋也出 37码的 盗图司马 快来救救退坑少女 post by 你的果www/None
<2020-07-11 11:50:58> [INFO]  Try to delete reply 有没有喜欢薅羊毛的小伙伴！很多大白菜0元撸！要的速度来😝😝 post by /贼上进的小王😁
<2020-07-11 11:51:00> [INFO]  Try to delete reply 斗图党来不来，一起进群斗图吧，加我拉你进群！速度来！😝😝😝 post by /贼上进的小王😁
<2020-07-11 11:51:09> [INFO]  Try to delete reply 九芒星Lolita首发款初版模特图 欢迎大家来取名字（进企鹅群）名字征用会得到最后图里的小物一枚哦 啾咪～#图透##lolita##求取名# post by 九芒星Lolita/None
<2020-07-11 11:52:59> [INFO]  Try to delete reply 合适脾气好可以养你，啥都有 post by chuxuyangg/等个小仙女🌸
<2020-07-11 11:53:07> [INFO]  Try to delete reply 哈喽喜欢ps的小可耐们，最近很多喜欢摄影和设计修图剪辑方面的伙伴想学一下，那就来组队吧，建了小群，直播教哒，教程共享～喜欢可以来举手🙌🏻 或者私我就好，一起进来互相学习，共同进步，爱好的来吧🌿 🌿 post by /有你在🍭心安
<2020-07-11 11:53:58> [INFO]  Try to delete thread 想带走个小姐姐可以吗，本人学摄影，自己拍的照片镇 post by 南屏山稻草人/南屏山稻草人
<2020-07-11 11:54:29> [INFO]  Try to delete reply 这个是骗子寄来的东西 post by 水迹依恋/None
<2020-07-11 11:54:38> [INFO]  Try to delete reply 金主小哥哥来寻人，可以帮到你，dd post by 无名OO0/咸蛋超人👦
<2020-07-11 11:54:54> [INFO]  Try to delete reply 有没有在广州接线下单的女p？？25岁以下人在广州的女生就可以。时薪三位数。非黄色。 post by qqq448703719/广州小伙子😳
<2020-07-11 11:55:35> [INFO]  Try to delete reply 问过爸爸我同意不 post by 我是小女孩阿/None
<2020-07-11 11:56:46> [INFO]  Try to delete reply 长期要人，在家60每天完全免费，不嫌少来私我哦 post by VX郏wxm998833/None
<2020-07-11 11:57:01> [INFO]  Try to delete reply 招募声音主播（不露脸）多人语音直播间声音好听 聊天有气氛跟直播间大哥聊天不怯场保底3000-8000预计收入1万到5万门槛低一手机一个耳机才艺 声优 小姐姐优先情商高 优先可以在家 需要单独空间包培训 无押     提成日结周结月结都可 post by 晚灯梦里/我是帅哥😄😫
<2020-07-11 11:57:07> [INFO]  Try to delete reply 人类的本质复读机 post by lyty46277/森丶💦
<2020-07-11 11:57:42> [INFO]  Try to delete reply 被一个***搞到心态炸裂，闲鱼号tb182766415去年骗了我，今年又骗其他人电话号码18898483652微博搜索搜到的是我的微博，然后被骗的妹子就直接dd我的朋友说我是骗子，佛了 post by 暖是寂寞边缘/团团的肉猫团♤
<2020-07-11 11:58:04> [INFO]  Try to delete reply  post by 我叫向品研/None
<2020-07-11 11:58:22> [INFO]  Try to delete reply 我能养你嘛 post by /Trrrra🌊
<2020-07-11 11:58:52> [INFO]  Try to delete reply 收定金也是，提前收货+代付，简直是我的雷区，得亏第一次收定金，那个妹子脾气好，我口头hold那个妹子也同意，定金在改了地址后确认收货也同意，尾款在收到裙子确认收货也同意了 post by EXO里的12只/公子甚美🍭
<2020-07-11 11:58:53> [INFO]  Try to delete reply 收定金也是，提前收货+代付，简直是我的雷区，得亏第一次收定金，那个妹子脾气好，我口头hold那个妹子也同意，定金在改了地址后确认收货也同意，尾款在收到裙子确认收货也同意了 post by EXO里的12只/公子甚美🍭
<2020-07-11 11:59:31> [INFO]  Try to delete reply 就这 post by 我是小女孩阿/None
<2020-07-11 11:59:40> [INFO]  Try to delete reply  post by 人在江湖飘246/None
<2020-07-11 12:00:03> [INFO]  Try to delete reply 【出裙子】雾茫蔷薇长款OP，full set，已经绝版，吊牌未剪，飞机盒什么的都在，全新！！我就试了一下，版型挺好的，就是还没机会穿就要考研了。。。有发带、边夹、罩纱、两个夹裙子上的蝴蝶结目前在杭州，本地可面交。裙子真的无敌貌美，私聊可回之前拍好的细节图，真的精致，要不是没机会穿真的舍不得出，为什么性价比这么高的绝版裙子全新自刀也没人要呀，咸yu一定要火起来的萌款才出的去嘛，我哭惹，质量真的超级好，有纱什么的华丽度UPUP，最重要的是穿着舒服，有透气度很好的里衬，不扎腿不卡胳膊，微胖女孩入股不亏啊。我真的太穷了这个月买了iPad又买了一堆考研书还总吃……所以只出不换了，球球漂亮姐姐康康我8，爽快包邮塞化妆品小样塞JK领结都可以鸭Ծ‸ԾCamellia小茶花家借占星猫提拉米苏天使街道午茶熊阿尔克纳之梦大草莓夜烬魔法茶会古典玩偶日落大道小花园 post by 沧珠蓝玉/None
<2020-07-11 12:00:10> [INFO]  Try to delete reply 小熊包包36包邮，送珠链和两条颈链哦，需要的宝宝加vx:fandyqian#Lolita# post by 紫菜小倩倩/None
<2020-07-11 12:00:14> [INFO]  Try to delete reply  post by 我是小女孩阿/None
<2020-07-11 12:00:44> [INFO]  Try to delete reply 招募声音主播（不露脸）多人语音直播间声音好听 聊天有气氛跟直播间大哥聊天不怯场保底3000-8000预计收入1万到5万门槛低一手机一个耳机才艺 声优 小姐姐优先情商高 优先可以在家 需要单独空间包培训 无押     提成日结周结月结都可 post by 晚灯梦里/我是帅哥😄😫
<2020-07-11 12:00:51> [INFO]  Try to delete reply 招聘画手设计师等职务，公司在上海，要求：了解热爱Lolita服装，对行业有一定了解，待遇可以私聊我详谈 post by nxbdjxbdjzksn/刀手莱迪米亚º
<2020-07-11 12:00:59> [INFO]  Try to delete reply 1.从事服务业一年以上，经历过社会毒打（划重点），妆后颜值中上，为人友善，有礼貌，吃苦耐劳，待客积极，没公主病，性格温柔会放彩虹屁。2.熟悉Lolita、jk圈，了解较多款式与原创店。3.家住本地。4.表现优异可成为代理店长，常年业绩突出亦会给予直接分红成为全权店长。5.有实用的特殊技能都能加分。6.每半年评估升薪一次，按个人能力而定。能者多得。试用期一个月，转正薪水根据能力可谈，会高于平行职业。7.月休4天，每天9小时，11-9点，晚饭休息一小时。8.本店因其他因素无法缴纳五险一金，可适当提高底薪报价。有意者私聊 post by 似影被占用了啊/似影🌱
<2020-07-11 12:01:03> [INFO]  Try to delete reply 扩列有吗，我是做美化哒 post by 憨猪妹妹/憨猪妹妹
<2020-07-11 12:02:25> [INFO]  Try to delete reply 然后我就先拍了定金 确认收货了 补尾款的时候她又说自己要还花呗 让把尾款打给她 这里她的解释是当时没成年 现在成年开了花呗 我让她弄的代付总算买好了 post by day笨笨00/None
<2020-07-11 12:03:18> [INFO]  Try to delete reply 上面不洗嘛 post by 我是小女孩阿/None
<2020-07-11 12:03:28> [INFO]  Try to delete reply 椰子、耐克、阿迪达斯、LV、香奈儿、爱马仕、迪奥、古驰等各种大牌都有，1:1原版，质量有保证，支持平台下单。我们家有店铺，支持平台下单，可以看下我家的。原版1:1，都是一分价钱一分货的质量，vx：ddhtjczp post by 原单百货/贴吧用户_71t9NCX
<2020-07-11 12:03:45> [INFO]  Try to delete reply 椰子、耐克、阿迪达斯、LV、香奈儿、爱马仕、迪奥、古驰等各种大牌都有，1:1原版，质量有保证，支持平台下单。我们家有店铺，支持平台下单，可以看下我家的。原版1:1，都是一分价钱一分货的质量，vx：ddhtjczp post by 原单百货/贴吧用户_71t9NCX
<2020-07-11 12:03:51> [ERROR]  KeyError: Failed to get posts of 6407576107
<2020-07-11 12:04:03> [INFO]  Try to delete reply 招募声音主播（不露脸）多人语音直播间声音好听 聊天有气氛跟直播间大哥聊天不怯场保底3000-8000预计收入1万到5万门槛低一手机一个耳机才艺 声优 小姐姐优先情商高 优先可以在家 需要单独空间包培训 无押     提成日结周结月结都可 post by 晚灯梦里/我是帅哥😄😫
<2020-07-11 12:04:14> [INFO]  Try to delete reply 2020年最火最赚钱的项目，腾讯携手好多分打造的吃喝玩乐平台开始了！零投资，稳定收入！受益永远是前期合作的人，如果你缺钱，请加入群，带你赚一波块钱的同时以后永久还有稳定的收入。 post by /贴吧用户_57XVE7K
<2020-07-11 12:04:37> [INFO]  Try to delete reply 难看死了 post by 我是小女孩阿/None
<2020-07-11 12:06:02> [INFO]  Try to delete reply  post by 寡帝27/None
<2020-07-11 12:06:18> [INFO]  Try to delete thread 弱弱的问一句有没有想学PS 视频剪辑的，微信建了个学习交流群 post by Lxwwwwshine/今天要开心喔😘
<2020-07-11 12:06:37> [INFO]  Try to delete reply 你的代购都来我这里拿货！擦亮眼睛啦！！！一比一哈 质量绝对有保证 不是小作坊生产 让你用最少的钱体验到大牌品质 所有商品随意鉴定都可以TF一百块 香奈儿香水两百块 代购来我这里拿200的卖你2000也不是没可能 薅羊毛太香啦！！！ Christine2769 姐妹们冲！！！ post by ly爱金钟大chen/None
<2020-07-11 12:06:44> [INFO]  Try to delete reply 你的代购都来我这里拿货！擦亮眼睛啦！！！一比一哈 质量绝对有保证 不是小作坊生产 让你用最少的钱体验到大牌品质 所有商品随意鉴定都可以TF一百块 香奈儿香水两百块 代购来我这里拿200的卖你2000也不是没可能 薅羊毛太香啦！！！ Christine2769 姐妹们冲！！！ post by ly爱金钟大chen/None
<2020-07-11 12:06:49> [INFO]  Try to delete reply 来个广州长期妹妹 滴滴 post by 以泽c/刻意去可爱º
<2020-07-11 12:06:59> [INFO]  Try to delete reply 转转本就不安全，最好是闲鱼，不走线下也是不成文的规矩了吧，没必要对jk有啥子阴影 post by 番茄味的喵呜/番茄味的喵呜😻
<2020-07-11 12:07:19> [INFO]  Try to delete reply 我们家有店铺，支持平台下单，可以看下我家的。原版1:1，都是一分价钱一分货的质量，vx：ddhtjczp椰子、耐克、阿迪达斯、LV、香奈儿、爱马仕、迪奥、古驰等各种大牌都有，1:1原版，质量有保证，支持平台下单。 post by 原单百货/贴吧用户_71t9NCX
<2020-07-11 12:07:24> [INFO]  Try to delete reply 我也是青岛的，可以资助lol娘买衣服 post by 实在的金主/None
<2020-07-11 12:08:58> [INFO]  Try to delete reply  post by 伟大的钢琴家丶/凉介xnº
<2020-07-11 12:09:55> [INFO]  Try to delete reply 招募声音主播（不露脸）多人语音直播间声音好听 聊天有气氛跟直播间大哥聊天不怯场保底3000-8000预计收入1万到5万门槛低一手机一个耳机才艺 声优 小姐姐优先情商高 优先可以在家 需要单独空间包培训 无押     提成日结周结月结都可 post by 晚灯梦里/我是帅哥😄😫
<2020-07-11 12:09:58> [INFO]  Try to delete reply 你不喜欢这朵花  它就该死吗？ post by 我是小女孩阿/None
<2020-07-11 12:10:01> [ERROR]  Failed to get threads in lolita!
<2020-07-11 12:10:14> [INFO]  Try to delete reply 想 日 post by 我是小女孩阿/None
<2020-07-11 12:10:37> [INFO]  Try to delete reply 想蹲🥬的宝宝欢迎来银河拍麦👗  也接外卖退💰吃了的外卖可以找我把💰🔙回来 post by 送花的/None
<2020-07-11 12:10:40> [INFO]  Try to delete reply 扫码添加VX可参与888现金红包抽奖！！！ post by /leling☜
<2020-07-11 12:11:54> [INFO]  Try to delete reply 微信创了个ps，视频剪辑的群，喜欢的可以加入，可以聊天学习交流，只要不发广告骂人都行 post by 转圈圈的九月/转圈圈的九月♤
<2020-07-11 12:12:45> [INFO]  Try to delete reply 社交电商，月入1W➕是否免费：是需要成本吗：不需要，零投入项目稳定吗：稳定靠谱五年以上周期项目优点：时间自由，业余一小时即可多久学会：一小时时间学会适用人群：适合所有人有空闲时间都可以 post by Ur70xh5/未来ing🐶
<2020-07-11 12:13:03> [INFO]  Try to delete reply LOL 诚信帮助永久解决限制两小时游戏问题价格美丽绝对放心不需要你的账号密码交给你方法有意者私聊 post by 小肥福/None
<2020-07-11 12:13:38> [INFO]  Try to delete reply 妈，这是我的学历！ post by 05后少年刘俊生/None
<2020-07-11 12:13:38> [INFO]  Try to delete reply 妈，这是我的身材 post by 05后少年刘俊生/None
<2020-07-11 12:14:57> [INFO]  Try to delete reply 招募声音主播（不露脸）多人语音直播间声音好听 聊天有气氛跟直播间大哥聊天不怯场保底3000-8000预计收入1万到5万门槛低一手机一个耳机才艺 声优 小姐姐优先情商高 优先可以在家 需要单独空间包培训 无押     提成日结周结月结都可 post by 晚灯梦里/我是帅哥😄😫
<2020-07-11 12:14:59> [INFO]  Try to delete reply 他是帅哥哥 post by 05后少年刘俊生/None
<2020-07-11 12:14:59> [INFO]  Try to delete reply 他是男神 post by 05后少年刘俊生/None
<2020-07-11 12:14:59> [INFO]  Try to delete reply 他是万众瞩目的神 post by 05后少年刘俊生/None
<2020-07-11 12:15:00> [INFO]  Try to delete reply 他是帅哥哥 post by 05后少年刘俊生/None
<2020-07-11 12:15:00> [INFO]  Try to delete reply 他是男神 post by 05后少年刘俊生/None
<2020-07-11 12:15:00> [INFO]  Try to delete reply 他是万众瞩目的神 post by 05后少年刘俊生/None
<2020-07-11 12:15:08> [INFO]  Try to delete reply 我不想走支付宝害，我们走转转行不行，尾款代付 post by 翌年冬/翌年冬
<2020-07-11 12:18:06> [INFO]  Try to delete reply  post by liu7667狮子/艾瑞芭迪♋
<2020-07-11 12:18:47> [INFO]  Try to delete reply 你的代购都来我这里拿货！擦亮眼睛啦！！！一比一哈 质量绝对有保证 不是小作坊生产 让你用最少的钱体验到大牌品质 所有商品随意鉴定都可以TF一百块 香奈儿香水两百块 代购来我这里拿200的卖你2000也不是没可能 薅羊毛太香啦！！！ Christine2769 姐妹们冲！！！ post by ly爱金钟大chen/None
<2020-07-11 12:18:48> [INFO]  Try to delete reply 你的代购都来我这里拿货！擦亮眼睛啦！！！一比一哈 质量绝对有保证 不是小作坊生产 让你用最少的钱体验到大牌品质 所有商品随意鉴定都可以TF一百块 香奈儿香水两百块 代购来我这里拿200的卖你2000也不是没可能 薅羊毛太香啦！！！ Christine2769 姐妹们冲！！！ post by ly爱金钟大chen/None
<2020-07-11 12:18:49> [INFO]  Try to delete reply 你的代购都来我这里拿货！擦亮眼睛啦！！！一比一哈 质量绝对有保证 不是小作坊生产 让你用最少的钱体验到大牌品质 所有商品随意鉴定都可以TF一百块 香奈儿香水两百块 代购来我这里拿200的卖你2000也不是没可能 薅羊毛太香啦！！！ Christine2769 姐妹们冲！！！ post by ly爱金钟大chen/None
<2020-07-11 12:18:59> [INFO]  Try to delete reply 招募声音主播（不露脸）多人语音直播间声音好听 聊天有气氛跟直播间大哥聊天不怯场保底3000-8000预计收入1万到5万门槛低一手机一个耳机才艺 声优 小姐姐优先情商高 优先可以在家 需要单独空间包培训 无押     提成日结周结月结都可 post by 晚灯梦里/我是帅哥😄😫
<2020-07-11 12:19:05> [INFO]  Try to delete reply 求6.700左右的比较华丽的小裙子 那种蕾丝很多很长的来dd要s码 顺便求安利裙子ww 感谢～ post by JJMAXPARTY/None
<2020-07-11 12:19:11> [INFO]  Try to delete reply 闲鱼出定金阿尔克纳2.0 SAX色 S码定金 知更鸟 薄荷绿 S码鞋子 全新 包装齐全 波尔多之吻 蓝粉色 36码 post by 格林威治v/彳亍⚡
<2020-07-11 12:20:10> [INFO]  Try to delete reply 诚信招聘代理，美小时30+，可线上可线下可带小白，有意者④聊【图片】 post by 用欣然/None
<2020-07-11 12:20:32> [INFO]  Try to delete reply 求问 大家分期小裙子，都是怎么分期的，直接加vx转账吗，还有那种分期，分完以后卖家拉黑然后分期的钱也没有了的吗 post by 綏欢/None
<2020-07-11 12:20:40> [INFO]  Try to delete reply  post by 本名刘波/波波酱萌萌哒🐶
<2020-07-11 12:20:46> [INFO]  Try to delete reply ［出］绝美的灿若繁星，本体是鞋子一双，送两对花结，镭射版蝴蝶结也是星星网纱。37码，九成新，穿着很舒服，但是和我的脚不贴合。来个小姐姐带她走吧。可小刀嗷。 post by /团叽-sama
<2020-07-11 12:20:53> [INFO]  Try to delete reply 招募声音主播（不露脸）多人语音直播间声音好听 聊天有气氛跟直播间大哥聊天不怯场保底3000-8000预计收入1万到5万门槛低一手机一个耳机才艺 声优 小姐姐优先情商高 优先可以在家 需要单独空间包培训 无押     提成日结周结月结都可 post by 晚灯梦里/我是帅哥😄😫
<2020-07-11 12:23:09> [INFO]  Try to delete reply 有没有可以鲜虾的妹妹   等个私聊 post by asddd28133/再无少年🐨
<2020-07-11 12:23:54> [INFO]  Try to delete reply 线上处CP,可以给你买lolita。私聊哦 post by 动星了/None
<2020-07-11 12:24:19> [INFO]  Try to delete reply 真难看  有人要吗？ post by 我是小女孩阿/None
<2020-07-11 12:25:22> [INFO]  Try to delete reply  post by liu7667狮子/艾瑞芭迪♋
<2020-07-11 12:25:30> [INFO]  Try to delete reply lo娘不都是祖安公主嘛 post by 我是小女孩阿/None
<2020-07-11 12:26:23> [INFO]  Try to delete reply 招募声音主播（不露脸）多人语音直播间声音好听 聊天有气氛跟直播间大哥聊天不怯场保底3000-8000预计收入1万到5万门槛低一手机一个耳机才艺 声优 小姐姐优先情商高 优先可以在家 需要单独空间包培训 无押     提成日结周结月结都可 post by 晚灯梦里/我是帅哥😄😫
<2020-07-11 12:28:34> [INFO]  Try to delete reply 成都 蹲一女 长期 post by /贴吧用户_aUZNRE9
<2020-07-11 12:30:04> [INFO]  Try to delete reply 招募声音主播（不露脸）多人语音直播间声音好听 聊天有气氛跟直播间大哥聊天不怯场保底3000-8000预计收入1万到5万门槛低一手机一个耳机才艺 声优 小姐姐优先情商高 优先可以在家 需要单独空间包培训 无押     提成日结周结月结都可 post by 晚灯梦里/我是帅哥😄😫
<2020-07-11 12:30:46> [INFO]  Try to delete reply 樱桃 post by 我是小女孩阿/None
<2020-07-11 12:31:15> [INFO]  Try to delete reply 丑的要死谁想看她 post by 我是小女孩阿/None
<2020-07-11 12:33:20> [INFO]  Try to delete reply lolita不就是你女仆 你她喵的哔哔头打掉 post by 我是小女孩阿/None
<2020-07-11 12:33:39> [INFO]  Try to delete reply 有没有缺裙子的小姐姐 武汉直接私聊我。 post by 上久楷/上久楷
<2020-07-11 12:33:47> [INFO]  Try to delete reply 你怎么不下去 post by 我是小女孩阿/None
<2020-07-11 12:33:51> [INFO]  Try to delete reply 舔干净 post by 我是小女孩阿/None
<2020-07-11 12:34:17> [INFO]  Try to delete reply 这条呢，是什么系 post by 仙女味的草莓籽/None
<2020-07-11 12:34:19> [INFO]  Try to delete reply 这条呢，是什么系 post by 仙女味的草莓籽/None
<2020-07-11 12:35:24> [INFO]  Try to delete reply 雅诗兰黛，迪奥，兰蔻，娇兰等各大品牌护肤品专柜中小样，平价用大牌自用省钱，可代发招代理，4年国内专柜老代购，拿命保真，感兴趣的各位可以加v了解，lc01541033。加上看看也可以加v拉群，每天发送免费领取各大品牌中小样方法 post by 构思千年的网名/None
<2020-07-11 12:36:30> [INFO]  Try to delete reply 招募声音主播（不露脸）多人语音直播间声音好听 聊天有气氛跟直播间大哥聊天不怯场保底3000-8000预计收入1万到5万门槛低一手机一个耳机才艺 声优 小姐姐优先情商高 优先可以在家 需要单独空间包培训 无押     提成日结周结月结都可 post by 晚灯梦里/我是帅哥😄😫
<2020-07-11 12:38:22> [INFO]  Try to delete reply 来个深圳长期 月1-1.5W post by 暖咖啡/None
<2020-07-11 12:39:03> [INFO]  Try to delete reply 招募声音主播（不露脸）多人语音直播间声音好听 聊天有气氛跟直播间大哥聊天不怯场保底3000-8000预计收入1万到5万门槛低一手机一个耳机才艺 声优 小姐姐优先情商高 优先可以在家 需要单独空间包培训 无押     提成日结周结月结都可 post by 晚灯梦里/我是帅哥😄😫
<2020-07-11 12:40:06> [INFO]  Try to delete reply 招募瞳模喔 来dd我8 post by 剪刀手专业户i/等等妮🍼
<2020-07-11 12:40:39> [INFO]  Try to delete reply 手机数码一件代发，身边要买手机的不会少无需代理费，享受VIP提货价无需囤货，打包发货都由我们来，我们就是你的专有仓库！即使不开单，了解了解手机行情也好，你也总有要换手机的一天，每天更新报价单。不赚钱交个朋友，总会有需要的时候公司是省代，拿货有优势，对比各大手机官网差价足，根据机型预计有30-500利润空间苹果、华为、OV等基本都有，官方线下货源，原封行货，12年经销企业，长期供货京东、苏宁等平台您可以推广到朋友圈、闲鱼等平台，等待订单上门，不花时间，躺着把钱赚咯！有需要看主页加我，没兴趣就请无视我（自用老吧龄账号，诚信为先） post by 彦丿之/None
<2020-07-11 12:40:39> [INFO]  Try to delete reply 网上兼职都需要交会费，有的是担心你接完单跑单啥的有的是专门骗会费，如果真的想兼职还不如去线下打工。反正网络上想兼职都需要交钱，网拍打字什么的有靠谱的但基本上找不到 post by 森林的红太狼/李三不-
<2020-07-11 12:40:41> [INFO]  Try to delete reply 手机数码一件代发，身边要买手机的不会少无需代理费，享受VIP提货价无需囤货，打包发货都由我们来，我们就是你的专有仓库！即使不开单，了解了解手机行情也好，你也总有要换手机的一天，每天更新报价单。不赚钱交个朋友，总会有需要的时候公司是省代，拿货有优势，对比各大手机官网差价足，根据机型预计有30-500利润空间苹果、华为、OV等基本都有，官方线下货源，原封行货，12年经销企业，长期供货京东、苏宁等平台您可以推广到朋友圈、闲鱼等平台，等待订单上门，不花时间，躺着把钱赚咯！有需要看主页加我，没兴趣就请无视我（自用老吧龄账号，诚信为先） post by 彦丿之/None
<2020-07-11 12:40:41> [INFO]  Try to delete reply 网上兼职都需要交会费，有的是担心你接完单跑单啥的有的是专门骗会费，如果真的想兼职还不如去线下打工。反正网络上想兼职都需要交钱，网拍打字什么的有靠谱的但基本上找不到 post by 森林的红太狼/李三不-
<2020-07-11 12:41:26> [INFO]  Try to delete reply 椰子冰蓝椰子天使FW3043 满天星FW5317阿迪达斯椰子Adidas Yeezy Boost 350 V2是迄今为止最受欢迎的Yeezy鞋之一。它采用弹性Primeknit鞋面和Boost中底，而最醒目的细节是罗纹中底。外侧一条半透明的浅色划痕格外引人注目，并赋予了鞋款近似铜色的Primeknit编织物料鞋身。 post by 夜的D章/None
<2020-07-11 12:42:01> [INFO]  Try to delete reply 大家有养宠物的可以加一下交流学习 post by /贴吧用户_a9V6648
<2020-07-11 12:42:17> [INFO]  Try to delete reply 招募声音主播（不露脸）多人语音直播间声音好听 聊天有气氛跟直播间大哥聊天不怯场保底3000-8000预计收入1万到5万门槛低一手机一个耳机才艺 声优 小姐姐优先情商高 优先可以在家 需要单独空间包培训 无押     提成日结周结月结都可 post by 晚灯梦里/我是帅哥😄😫
<2020-07-11 12:42:56> [INFO]  Try to delete reply 你的代购都来我这里拿货！擦亮眼睛啦！！！一比一哈 质量绝对有保证 不是小作坊生产 让你用最少的钱体验到大牌品质 所有商品随意鉴定都可以TF一百块 香奈儿香水两百块 代购来我这里拿200的卖你2000也不是没可能 薅羊毛太香啦！！！ Christine2769 姐妹们冲！！！ post by ly爱金钟大chen/None
<2020-07-11 12:43:21> [INFO]  Try to delete reply 最后一张女的谁呀 post by 我是小女孩阿/None
<2020-07-11 12:43:21> [INFO]  Try to delete reply 像她怎么可爱当然喜欢了  丑的就不喜欢 post by 我是小女孩阿/None
<2020-07-11 12:43:51> [INFO]  Try to delete reply 有点意思 post by 我是小女孩阿/None
<2020-07-11 12:44:06> [INFO]  Try to delete reply 放上咸鱼   如果有需要直接联系我改价就可以了！ post by 进击的二次元灬/一朵花萝🌼
<2020-07-11 12:44:31> [INFO]  Try to delete reply 班德尔城Q群号1014348563 post by 伟大的钢琴家丶/凉介xnº
<2020-07-11 12:44:56> [INFO]  Try to delete reply 地摊也不便宜，除非是那种长期做的，临时来的，拿货少，价格又不便宜，卖的当然不便宜 post by 夕颜sl/None
<2020-07-11 12:45:06> [INFO]  Try to delete reply 出AH家阿尔克纳之梦2.0定金sax色中袖op 定金200R 现在只要120R尾款429R+邮费10R  走代付改你地址  尾款已经开了开到6.30号武汉不开学没钱了没钱了救救孩子吧 post by 歆薇夜玥/帮我偷月亮-
<2020-07-11 12:45:31> [INFO]  Try to delete reply 我自闭了，走的闲鱼拍的定金然后代付补的尾款 post by 无毒之免/None
<2020-07-11 12:45:58> [INFO]  Try to delete reply 手上带的是裙子送的嘛？ post by 我是小女孩阿/None
<2020-07-11 12:46:09> [INFO]  Try to delete reply （安利向） 喵猫软糖原创Lolita伪装者的故事构思艾德怶黯森林又迎来几年一次的化妆舞会，小红帽和狼都收到了邀请函，要求打扮成对方出席舞会。     他们有些不愿意打扮成死对头的样子，但是还是照做了。     出席舞会的狼和小红帽跟预想的一样见面了。     小红帽漫不经心的看着狼，摸了一下腰间的佩枪。狼如同平常一样讥讽起小红帽 你要拿着这把老枪什么时候才能杀死我，小红帽只是微笑到，装出一副彬彬有礼的样子。     狼见自讨没趣就坐回了座位上看向小红帽，而他的身边没有一个人敢靠近，小红帽身边络绎不绝都是来拉拢他的高官名媛。     小红帽对拉拢她的高官名媛微微摆手，看向狼转身向森林深处走去的同时，狼也起身往小红帽的方向走去。     小红帽像是早就知道狼会跟着她一起过来，已经在那等候多时，嘲笑狼 你还是和以前一样，我杀死你全族的时候懦弱的样子。不得不说，你妈妈的皮我奶奶说很暖和。     小红帽停顿了一下看向狼的獠牙说:你别妄想杀我了，大家都知道你跟着我来的，我没回去的话，你自然会被贴上杀人犯的名称。    狼好像失去了理智，全然不顾小红帽说在什么，往小红帽扑去。而小红帽根本就没有想到狼会失去理智，连想要拔枪的反应都没有，惨死在狼的撕咬下。    狼从容的换上小红帽的衣服往舞会走去，且把小红帽的举止言谈，模仿的有模有样。而今年的邀请函发到你的手上，让你假扮成小红帽出席舞会，你会赴约吗？（群里福利满满，群满100抽5人送意向金，进群就可参与，意向金购入后不喜欢可以退款，以后更会有送小物送定金送尾款，福利满满，进群就送） post by 久伴青竹/None
<2020-07-11 12:46:25> [INFO]  Try to delete reply 招募声音主播（不露脸）多人语音直播间声音好听 聊天有气氛跟直播间大哥聊天不怯场保底3000-8000预计收入1万到5万门槛低一手机一个耳机才艺 声优 小姐姐优先情商高 优先可以在家 需要单独空间包培训 无押     提成日结周结月结都可 post by 晚灯梦里/我是帅哥😄😫
<2020-07-11 12:47:20> [INFO]  Try to delete reply 【出】First Ero家曲奇饼干OPS码短款全新未拆怎么寄过来就怎么寄过去小刀出球球小姐姐带走叭喜欢的小姐姐dd一下叭 post by 【罪】/None
<2020-07-11 12:47:48> [INFO]  Try to delete reply 长期收，小物看情况收。 post by 小鱼纹原创店/小鱼纹º
<2020-07-11 12:47:56> [INFO]  Try to delete reply 你真可爱 你是梦梦嘛 欧派 post by 我是小女孩阿/None
<2020-07-11 12:47:58> [INFO]  Try to delete reply 你这丑哔 儚儚 还没死呀 爸爸又想看你 身子呢 post by 我是小女孩阿/None
<2020-07-11 12:48:04> [INFO]  Try to delete reply 你们都是怎么看的一眼山好厉害啊 post by 我是小女孩阿/None
<2020-07-11 12:48:28> [INFO]  Try to delete reply 1分钱撸钢化膜数据线 阿迪耐克各路活动优惠 老哥记得来找优惠奥 post by 无糖汽水1/无糖可乐🍒
<2020-07-11 12:48:29> [INFO]  Try to delete reply 成都寻小阔爱，可长期 post by 曹錵/流连忘返😲
<2020-07-11 12:48:32> [INFO]  Try to delete reply 书到用时方恨少学历用时方恨低天泽教育学历提升服务招生中提升你的学历，圆您大学梦多所院校合作，给您多种选择！名额不多，抓紧时间！ post by 天泽葛燕/天泽教育💯
<2020-07-11 12:49:20> [INFO]  Try to delete reply 有没有要接线下的，私聊一下呗 post by 玩求啊/None
<2020-07-11 12:49:22> [INFO]  Try to delete reply 有木有诚心限夏的小姐姐，可以私聊我，不糊人。 post by /最爱吃西瓜哼▫
<2020-07-11 12:49:25> [INFO]  Try to delete reply 手作接单，看上私聊 post by 696969hr/独舞人泪斑驳💦
<2020-07-11 12:50:20> [INFO]  Try to delete reply 与其说，我们是猫咪的照顾者，倒不如说，猫咪是我们的港湾。孤独失落的时候，迷茫无助的时候。它都会无条件地接纳和陪伴我们。你的内心也有一只小猫咪吗？那就请加入我们的猫咪交流群，分享你们的故事吧！加我微信15847957144我拉你进群哦。 post by 打怪使我快乐/打怪使我快乐😫
<2020-07-11 12:50:30> [INFO]  Try to delete reply 高价收，各种女生贴身物品，有的妹子私聊我。 post by 流苏的裙/None
<2020-07-11 12:50:46> [INFO]  Try to delete reply 舒服 post by 我是小女孩阿/None
<2020-07-11 12:51:07> [INFO]  Try to delete reply 招募声音主播（不露脸）多人语音直播间声音好听 聊天有气氛跟直播间大哥聊天不怯场保底3000-8000预计收入1万到5万门槛低一手机一个耳机才艺 声优 小姐姐优先情商高 优先可以在家 需要单独空间包培训 无押     提成日结周结月结都可 post by 晚灯梦里/我是帅哥😄😫
<2020-07-11 12:51:17> [INFO]  Try to delete reply 你的代购都来我这里拿货！擦亮眼睛啦！！！一比一哈 质量绝对有保证 不是小作坊生产 让你用最少的钱体验到大牌品质 所有商品随意鉴定都可以TF一百块 香奈儿香水两百块 代购来我这里拿200的卖你2000也不是没可能 薅羊毛太香啦！！！ Christine2769 姐妹们冲！！！ post by ly爱金钟大chen/None
<2020-07-11 12:51:19> [INFO]  Try to delete reply 你的代购都来我这里拿货！擦亮眼睛啦！！！一比一哈 质量绝对有保证 不是小作坊生产 让你用最少的钱体验到大牌品质 所有商品随意鉴定都可以TF一百块 香奈儿香水两百块 代购来我这里拿200的卖你2000也不是没可能 薅羊毛太香啦！！！ Christine2769 姐妹们冲！！！ post by ly爱金钟大chen/None
<2020-07-11 12:51:37> [INFO]  Try to delete reply 物美价廉喜欢私我 post by 我要抢钱啦啦/None
<2020-07-11 12:51:42> [INFO]  Try to delete reply 然后我去咸鱼上看都是说什么尾款走代付 我没用咸鱼买过定金 不清楚流程 怕不安全 post by 日暮樱花00/黄少天小可爱-
<2020-07-11 12:52:00> [INFO]  Try to delete reply 帮d 我倒是加过一个出物的群，它是6月9建的，你可以进去看看 post by QVQ淇/QVQ淇
<2020-07-11 12:52:09> [INFO]  Try to delete reply 这个妹妹嘴上说要召回，结果今早一看快递还是派送了，本来打算录个开箱视频怕她不认账，结果取到手一看也不必了，单号都是一样的 post by 嬉骡/None
<2020-07-11 12:52:11> [INFO]  Try to delete reply 这个妹妹嘴上说要召回，结果今早一看快递还是派送了，本来打算录个开箱视频怕她不认账，结果取到手一看也不必了，单号都是一样的 post by 嬉骡/None
<2020-07-11 12:53:13> [INFO]  Try to delete reply  post by 我是小女孩阿/None
<2020-07-11 12:53:13> [INFO]  Try to delete reply 我寄过去邮费10块 你寄过来至少8块吧 我收你15很过分吗？有一说一我扯都懒得跟你扯 post by 懃懃酱/None
<2020-07-11 12:54:16> [INFO]  Try to delete reply 全网VIP视频免费看，高清无广告，一个APP看遍天下所有收费视频，会员免费送， 活动有限：（每天限量100个）详情加我v:SN728122（备注领取会员） post by 妮子女流氓/None
<2020-07-11 12:54:55> [INFO]  Try to delete reply 好看 post by 我是小女孩阿/None
<2020-07-11 12:54:59> [INFO]  Try to delete reply 招募声音主播（不露脸）多人语音直播间声音好听 聊天有气氛跟直播间大哥聊天不怯场保底3000-8000预计收入1万到5万门槛低一手机一个耳机才艺 声优 小姐姐优先情商高 优先可以在家 需要单独空间包培训 无押     提成日结周结月结都可 post by 晚灯梦里/我是帅哥😄😫
<2020-07-11 12:55:14> [INFO]  Try to delete reply 来来来 post by 我是小女孩阿/None
<2020-07-11 12:56:00> [INFO]  Try to delete reply 新新沙雕群❤️需要你来暖💓沉默是病 也只有你是阿司匹林sqgg➕plmm➕ post by pKristin/喪敗-
<2020-07-11 12:56:32> [INFO]  Try to delete reply 收一个广州长期私我 post by 以泽c/刻意去可爱º
<2020-07-11 12:57:00> [INFO]  Try to delete reply 即日起，长期面哔哩哔哩招募工会主播，如果你有颜值，有才艺，很有趣是爱好者都可以参与报名，哔哩哔哩将对主播更大力的支持~你可以得到：1、底薪扶持 3千-3万2、收益分成成长 40%3、开播引流 视频宣传+社交引流4、运营1v1指导 从业十年以上有头部主播运营经验5、官方活动优先邀请6 主播相关转型加方向指导 主播阶段成长职业规划如果你是群或者圈内组织者，也可以加入我们！你将作为你哔哩哔哩主播的经纪人参与分成，一起打造自己的直播团队！（格式：群id+群名）后续会联系大家~扫描图中二维码即刻报名！【图片】如有有问题可以直接微我，会帮助大家一一解答~Ps：播游戏需要电脑直播，娱乐直播手机即可。报名后会筛选各位的信息，通过后会有专业运营指导！没有直播经验的也不要紧，哔哩哔哩官方和工会协助大家开播。 post by killer_1994/敏浩minh😷
<2020-07-11 12:57:44> [INFO]  Try to delete reply  post by 好困的睡不着/None
<2020-07-11 12:59:16> [INFO]  Try to delete reply #lolita##洛丽塔# post by 我荒废的心会L/雾子Lლ
<2020-07-11 12:59:51> [INFO]  Try to delete reply 大妈你好 post by 我是小女孩阿/None
<2020-07-11 12:59:53> [INFO]  Try to delete reply 大妈你好 post by 我是小女孩阿/None
<2020-07-11 13:00:03> [INFO]  Try to delete reply 【只出不换www】阿尔克纳之梦2.0生成色ops码＋KC原价718入手因为疫情影响还不上花呗，所以想要650包邮出掉（可以小刀）全新无瑕疵，没穿过没试过，只是收到快递打开飞机盒看了一眼是正品是正品是正品！交易记录贴在回复楼里爽快不墨迹，立拍立发（不打伞晒太阳也去寄！！！）贴吧可私聊我可楼中咨询咸鱼、微博见水印Orz post by y时光轴/None
<2020-07-11 13:00:04> [INFO]  Try to delete reply 变态 post by 我是小女孩阿/None
<2020-07-11 13:00:20> [INFO]  Try to delete reply  post by 沫樱233/None
<2020-07-11 13:00:30> [INFO]  Try to delete reply 招募声音主播（不露脸）多人语音直播间声音好听 聊天有气氛跟直播间大哥聊天不怯场保底3000-8000预计收入1万到5万门槛低一手机一个耳机才艺 声优 小姐姐优先情商高 优先可以在家 需要单独空间包培训 无押     提成日结周结月结都可 post by 晚灯梦里/我是帅哥😄😫
<2020-07-11 13:00:59> [INFO]  Try to delete reply  post by 艾女酷/Quty渏酱🌱
<2020-07-11 13:01:23> [ERROR]  Failed to get threads in lolita!
<2020-07-11 13:01:27> [INFO]  Try to delete reply 这个给你 要不要 post by 我是小女孩阿/None
<2020-07-11 13:02:08> [INFO]  Try to delete reply 分享PS素材自己之前用的ps资料 现在学完了 用不到了 有需要的留一下 邮箱就行 滴滴 post by 你是我的好梦lk/東鳯舒玉🌹
<2020-07-11 13:02:30> [INFO]  Try to delete reply 出山海异闻录，仅试穿，蓝色全套，裙子一型蓝，l码，衬衫m，300可刀，可走咸鱼爽快妹子塞小礼物，要细节图私聊，带吊牌，带飞机盒！无瑕疵！ post by 鈽炲皬鈾涘叓鈽/拾柒染º
<2020-07-11 13:02:41> [INFO]  Try to delete reply  post by 伟大的钢琴家丶/凉介xnº
<2020-07-11 13:02:43> [INFO]  Try to delete reply 首波吃肉无任务，日结工资，流量大到你想不到！平台大量付费用户，刷量持续增长中，想吃肉的主播联系我，争做第一批吃螃蟹的人！诚招大量优质主播第一批抖音开播你没赶上第一批探探直播大家抓紧上车 post by 嘿黑嘿底/可爱吗我😜
<2020-07-11 13:02:50> [INFO]  Try to delete reply 一个任务三五分钟，主要是有多少就能提现多少，秒到账。 post by 饰宠丶巴西玛瑙/秘乐推广分红☞
<2020-07-11 13:03:09> [INFO]  Try to delete reply jk洛丽塔c服寄拍，视频。1.身材好优先，送裙子一套。无会费，只要有时间即可，学生党都可，2.身高无要求，体重110以下。3.年龄20以下，会摆拍照片4.需要发照片给上面的人过审嗷5.欢迎姐们联系，qq19915991626.也可外宣 价位800起拍，湖南广东广西优先 post by L雪QAQ/丸子君鸭🍭🍭
<2020-07-11 13:03:12> [INFO]  Try to delete reply 一对一视频绿色平台招颜值小仙女多个一对一平台都是日结自提最低8元一分钟最高100一分钟提成40%经纪人合作，门槛低，人流大。只要接视频哪怕1秒钟对面挂了也是按1分钟计算，带礼物系统，没有视频就做自己的事，不像传统秀场直播一直开着摄像头，没有自由，一对一也避免紧张和冷场的尴尬，兼职全职皆可。 post by 水水水miamia/水水水mia🍒
<2020-07-11 13:04:52> [INFO]  Try to delete reply 想创业，又不知道做什么好？ 那加我试试！ post by VX18613240332/贴吧用户_5E5Z5SG
<2020-07-11 13:06:19> [INFO]  Try to delete reply 招募声音主播（不露脸）多人语音直播间声音好听 聊天有气氛跟直播间大哥聊天不怯场保底3000-8000预计收入1万到5万门槛低一手机一个耳机才艺 声优 小姐姐优先情商高 优先可以在家 需要单独空间包培训 无押     提成日结周结月结都可 post by 晚灯梦里/我是帅哥😄😫
<2020-07-11 13:06:42> [INFO]  Try to delete reply 一对一视频绿色平台招颜值小仙女多个一对一平台都是日结自提最低8元一分钟最高100一分钟提成40%经纪人合作，门槛低，人流大。只要接视频哪怕1秒钟对面挂了也是按1分钟计算，带礼物系统，没有视频就做自己的事，不像传统秀场直播一直开着摄像头，没有自由，一对一也避免紧张和冷场的尴尬，兼职全职皆可。 post by 水水水miamia/水水水mia🍒
<2020-07-11 13:06:50> [INFO]  Try to delete reply 其实就是一个在三坑安利群里，因为吐槽了一句店家广告词有歧义，然后被三只🦐逮着骂了一个小时的妹子的吐槽贴想吃瓜的可以来看看，我真的觉得我素养真好。在三坑安利群里和其他两个姐妹吐槽的聊天记录镇楼（不码自己不码骂我的人厚码下无辜路人实名吐槽欢迎吃瓜）（PS，事情发生在三坑安利群，对就是那种平时姐妹甩小广告的群，但是中心是汉服，汉服吧那里发不出去，俺就想到了老家Lo吧） post by 诺亚素萝/None
<2020-07-11 13:07:09> [INFO]  Try to delete reply 这就是骗子寄的东西，笑死了，本来打算搞个开箱的，一看这包装也不必了，快递单号直接爆出来对比一下吧 post by 嬉骡/None
<2020-07-11 13:07:50> [INFO]  Try to delete reply 建了一个ps、剪辑和摄影后期学习交流群，喜欢的可以加入 可以一起交流学习 只要不乱发广告骂人就可以，目前人数较多，加我拉你 post by 刘龙凯么/刘丹丹😄😁
<2020-07-11 13:08:43> [INFO]  Try to delete reply 五天之后准时出发，这五天期间聊了很多具体细节，敲定了大概方向，除了线下，其他都搞。怀着忐忑的心情到达了目的地。其实我还蛮担心被放鸽子，结果是我想多了。 post by 绵柔柔/神一般的少年♋
<2020-07-11 13:09:02> [INFO]  Try to delete reply 招募声音主播（不露脸）多人语音直播间声音好听 聊天有气氛跟直播间大哥聊天不怯场保底3000-8000预计收入1万到5万门槛低一手机一个耳机才艺 声优 小姐姐优先情商高 优先可以在家 需要单独空间包培训 无押     提成日结周结月结都可 post by 晚灯梦里/我是帅哥😄😫
<2020-07-11 13:10:24> [INFO]  Try to delete reply 黑色玫瑰开黑群，欢迎大家来一起玩！群里有漂亮的小姐姐，还有大师王者 大神！群里每天组织内战、组队开黑、组队上分。小姐姐带队开黑，大神帮过晋级赛！我是群里的管理五妹！欢迎大家进群！群号:675424148 post by 5铁渣/star五五♂
<2020-07-11 13:10:41> [INFO]  Try to delete reply  post by /Hyt◎
<2020-07-11 13:11:31> [INFO]  Try to delete reply  post by 效率陪玩代d/野d361😨
<2020-07-11 13:11:32> [INFO]  Try to delete reply  post by 效率陪玩代d/野d361😨
<2020-07-11 13:11:42> [INFO]  Try to delete reply 招募声音主播（不露脸）多人语音直播间声音好听 聊天有气氛跟直播间大哥聊天不怯场保底3000-8000预计收入1万到5万门槛低一手机一个耳机才艺 声优 小姐姐优先情商高 优先可以在家 需要单独空间包培训 无押     提成日结周结月结都可 post by 晚灯梦里/我是帅哥😄😫
<2020-07-11 13:11:54> [INFO]  Try to delete reply 不露脸，接受小白保底3000-20000，薪资周结每天6小时可分开进行区域不限，在家即可加Vdpgg0206 post by 招募主持/贴吧用户_QSWAGWX
<2020-07-11 13:11:57> [INFO]  Try to delete reply 大量要人'全天都有'一天能做百八十块到手'做多少你自己本事'无任何投资！加我好友时注明：贴吧来的，不然不通过 post by 狂人宇life/None
<2020-07-11 13:12:08> [INFO]  Try to delete reply 洛丽塔，JK，汉服来图生产，面料，小物一条龙，你只管销售 post by /汉服工厂🐯
<2020-07-11 13:12:51> [INFO]  Try to delete reply @幼崽🍪 post by 本名刘波/波波酱萌萌哒🐶
<2020-07-11 13:13:54> [INFO]  Try to delete reply 出个定金！妖精工房jsk   墨绿色m码康康我 post by 安酒秋风挽憬意/小可爱呀🌿
<2020-07-11 13:15:33> [INFO]  Try to delete reply  post by 我是小女孩阿/None
<2020-07-11 13:16:03> [INFO]  Try to delete reply 免费报名  1、布置主题展 比赛 （ 一等奖 万元奖品等你拿）2、派对嗨翻现场 3、龙虾啤酒节 共同起航   （参赛者一律免费）参赛要求：1、免费报名  2、初轮筛选  3、正式进入 具体详情 请添加 V：17157552222 post by 高17157552222/贴吧用户_5QAR7AD
<2020-07-11 13:16:37> [INFO]  Try to delete reply 二楼发预告哈 post by 小凌7947006/None
<2020-07-11 13:16:41> [INFO]  Try to delete reply 二楼发预告哈 post by 小凌7947006/None
<2020-07-11 13:16:53> [INFO]  Try to delete reply 招募声音主播（不露脸）多人语音直播间声音好听 聊天有气氛跟直播间大哥聊天不怯场保底3000-8000预计收入1万到5万门槛低一手机一个耳机才艺 声优 小姐姐优先情商高 优先可以在家 需要单独空间包培训 无押     提成日结周结月结都可 post by 晚灯梦里/我是帅哥😄😫
<2020-07-11 13:17:45> [INFO]  Try to delete reply 出月亮河绀色，s码，裙子加发带买进来的340多，出280感兴趣dd我！！！ post by /贴吧用户_QZyWeD3
<2020-07-11 13:18:57> [INFO]  Try to delete reply 基本全新，想要的dd已自刀50 post by 淡如冰风/None
<2020-07-11 13:19:28> [INFO]  Try to delete reply 滑稽 post by 我是小女孩阿/None
<2020-07-11 13:19:28> [INFO]  Try to delete reply 然而大多数都是这样的   公主 小姐喔 post by 我是小女孩阿/None
<2020-07-11 13:19:28> [INFO]  Try to delete reply  post by 我是小女孩阿/None
<2020-07-11 13:19:28> [INFO]  Try to delete reply  post by 我是小女孩阿/None
<2020-07-11 13:19:28> [INFO]  Try to delete reply  post by 我是小女孩阿/None
<2020-07-11 13:19:29> [INFO]  Try to delete reply 滑稽 post by 我是小女孩阿/None
<2020-07-11 13:19:29> [INFO]  Try to delete reply 然而大多数都是这样的   公主 小姐喔 post by 我是小女孩阿/None
<2020-07-11 13:19:29> [INFO]  Try to delete reply  post by 我是小女孩阿/None
<2020-07-11 13:19:29> [INFO]  Try to delete reply  post by 我是小女孩阿/None
<2020-07-11 13:19:29> [INFO]  Try to delete reply  post by 我是小女孩阿/None
<2020-07-11 13:19:59> [INFO]  Try to delete reply 购物省钱 分享赚钱 看懂的加 post by /无味233ლ
<2020-07-11 13:20:15> [INFO]  Try to delete reply 招募声音主播（不露脸）多人语音直播间声音好听 聊天有气氛跟直播间大哥聊天不怯场保底3000-8000预计收入1万到5万门槛低一手机一个耳机才艺 声优 小姐姐优先情商高 优先可以在家 需要单独空间包培训 无押     提成日结周结月结都可 post by 晚灯梦里/我是帅哥😄😫
<2020-07-11 13:20:39> [INFO]  Try to delete reply 小可爱们来找我约拍呀，免费的，dd我，把你的衣服拍的美美哒记录下来 post by 469131285/是糖糖呀88🍭
<2020-07-11 13:20:59> [INFO]  Try to delete reply  post by 伟大的钢琴家丶/凉介xnº
<2020-07-11 13:21:11> [INFO]  Try to delete reply 我家父母关系一直不好，离婚了更是老死不相往来的那种，我妈一跟我吵架就是你滚找你爸去我不养你我还有个妹妹，继父还带来个弟弟，我也真的不知道该怎么跟我爸张嘴要钱，最近一次联系还是过年 post by 琉谙泠/None
<2020-07-11 13:21:15> [INFO]  Try to delete reply  post by 流年勉强不来/Uu呀😘
<2020-07-11 13:22:59> [INFO]  Try to delete reply #小红帽# 【安利向】店铺：喵猫软糖原创Lolita店设计图超级好看小裙子的名字：伪装者顺便分享一下蹲群的消息qwq1.店阻十三号去和工厂谈做样衣！（没见过如此速度的店阻）2.只要买了意向金，就送衣架和防尘袋（拉链款），还抵定金20r，在定金出来之前随时可退！只要十元！3.裙子的大全套有 一件狼耳朵外套，一件op，一个边夹~一个狼耳朵发带，一个蝴蝶结尾巴，一个皮腰封，一个围裙，8个蝴蝶结，一个狼尾巴~4.秋冬款！！！p1QQ群，p4安利图，p5淘宝店铺二维码姐妹们冲啊！（群里福利满满，群满50抽人送意向金，进群就可参与，意向金购入后不喜欢可以退款，以后更会有送小物送定金送尾款，福利满满，进群就送）以下是这条小裙子的背景故事：     艾德怶黯森林又迎来几年一次的化妆舞会，小红帽和狼都收到了邀请函，要求打扮成对方出席舞会。     他们有些不愿意打扮成死对头的样子，但是还是照做了。     出席舞会的狼和小红帽跟预想的一样见面了。     小红帽漫不经心的看着狼，摸了一下腰间的佩枪。狼如同平常一样讥讽起小红帽 你要拿着这把老枪什么时候才能杀死我，小红帽只是微笑到，装出一副彬彬有礼的样子。     狼见自讨没趣就坐回了座位上看向小红帽，而他的身边没有一个人敢靠近，小红帽身边络绎不绝都是来拉拢他的高官名媛。     小红帽对拉拢她的高官名媛微微摆手，看向狼转身向森林深处走去的同时，狼也起身往小红帽的方向走去。     小红帽像是早就知道狼会跟着她一起过来，已经在那等候多时，嘲笑狼 你还是和以前一样，我杀死你全族的时候懦弱的样子。不得不说，你妈妈的皮我奶奶说很暖和。     小红帽停顿了一下看向狼的獠牙说:你别妄想杀我了，大家都知道你跟着我来的，我没回去的话，你自然会被贴上杀人犯的名称。    狼好像失去了理智，全然不顾小红帽说在什么，往小红帽扑去。而小红帽根本就没有想到狼会失去理智，连想要拔枪的反应都没有，惨死在狼的撕咬下。    狼从容的换上小红帽的衣服往舞会走去，且把小红帽的举止言谈，模仿的有模有样。    而今年的邀请函发到你的手上，让你假扮成小红帽出席舞会，你会赴约吗？ post by 天生幼稚猫/贴吧用户_7J8KWGy
<2020-07-11 13:23:06> [INFO]  Try to delete reply 招募声音主播（不露脸）多人语音直播间声音好听 聊天有气氛跟直播间大哥聊天不怯场保底3000-8000预计收入1万到5万门槛低一手机一个耳机才艺 声优 小姐姐优先情商高 优先可以在家 需要单独空间包培训 无押     提成日结周结月结都可 post by 晚灯梦里/我是帅哥😄😫
<2020-07-11 13:24:00> [INFO]  Try to delete reply 想赚点零花钱买自己喜欢的东西的可以了解一下 post by 三天情侣菌果果/果果情侣菌😄
<2020-07-11 13:24:07> [INFO]  Try to delete reply 大家好，我这边高价回收女生用过的贴身物品，有出的妹子私聊我。 post by 流苏的裙/None
<2020-07-11 13:25:38> [INFO]  Try to delete reply 什么宠你啊给你买小裙子穿啊我养你啊 我真的是醉了 姐姐有能力自己给自己买裙子不需要别人养 谢谢 post by 栗一酱/None
<2020-07-11 13:25:39> [INFO]  Try to delete reply 什么宠你啊给你买小裙子穿啊我养你啊 我真的是醉了 姐姐有能力自己给自己买裙子不需要别人养 谢谢 post by 栗一酱/None
<2020-07-11 13:26:33> [INFO]  Try to delete reply 淘宝店铺：仓鼠格格屋团名：《仓鼠团子》Lolita昼夜星辰分享图片到3个群或集赞30赠送同款手袖 post by 嘤嘤哈怪/ლ嘤嘤哈怪
<2020-07-11 13:28:09> [INFO]  Try to delete reply 说 post by 本名刘波/波波酱萌萌哒🐶
<2020-07-11 13:28:09> [INFO]  Try to delete reply 原味欧  赚了 post by 我是小女孩阿/None
<2020-07-11 13:28:21> [INFO]  Try to delete reply 借宝地苏州无锡上海附近寻可长期合作的lo娘，新手摄影目标无偿拍满一百位麻豆，动作镜头感引导，是妹摄，妹摄。希望大家都能出让人满意的作品，详细脑洞可QQ沟通～ post by 仲泽川/None
<2020-07-11 13:28:54> [INFO]  Try to delete reply 招优质男女主持/歌手/嘉宾语音聊天/互动小游戏/点唱/1.小团队入驻/入股合作。待遇详谈。2.直播内容不限，纯聊天，情感，才艺。娱乐均可，正规平台/不黄不污。3.工作时间段自选，时间自由，兼职全职均可。4.顶级平台、稳定，新人专人培训，有老人带。 手机电脑皆可，有电脑声卡设备最好。5.不收取任何费用。工资日结+福利奖励。6.分成比例高 招合作带厅主管 工会给你扶持主持重点：工资日结，概不拖欠。有意者➕V：buera13 post by 只喜欢克/None
<2020-07-11 13:29:22> [INFO]  Try to delete reply 专业专注洛丽塔，打版样衣及生产大货10多年经验！欢迎实地考察！ post by quyang2000/None
<2020-07-11 13:30:05> [INFO]  Try to delete reply 有没有小姐姐接山汉改lo？带价私聊哇（老父亲买的，踩雷了） post by 家有毛孩子ha/在骨科º滑板
<2020-07-11 13:30:45> [INFO]  Try to delete reply 说 你 嘛 什么 逼 玩意 post by 我是小女孩阿/None
<2020-07-11 13:31:24> [INFO]  Try to delete reply 少带这玩意，不要长期带会挤压肠胃导致下垂的 post by /贴吧用户_5CVZR6E
<2020-07-11 13:32:46> [INFO]  Try to delete reply 官方q群，求不要吞捏 post by 云中雅问/秃头店主婆😷
<2020-07-11 13:35:54> [INFO]  Try to delete reply 母 狗 闭嘴 post by 我是小女孩阿/None
<2020-07-11 13:35:56> [INFO]  Try to delete reply 母 狗 闭嘴 post by 我是小女孩阿/None
<2020-07-11 13:36:17> [INFO]  Try to delete reply “2020 元气少女评选大赛”来啦活动开始报名啦小宝贝们，一个活动，把自己的作品照片放上来就可能赢取大奖，风格种类不限奥~还在等什么呢？   特等奖：Iphone11+获奖证书 仅限一个名额（达到88888票）Ipad+获奖证书 仅限一个名额（达到66666票）    一等奖：（一名）少女人型+女op+古典玩偶Lolita连衣裙，汉尚华莲鲛人泪，conomiARCJ—2011正统西装羊毛外套女（藏青色），Fate玉藻前和服三破满破套装，四选一  二等奖：（一名）华夫饼兔子中袖款op+古典玩偶华夫饼兔子中袖opLolita，梨花渡，Conomi日系百褶裙（30色自选）王者荣耀cosplay紫霞仙子露娜OR（绝世舞姬貂蝉）四选一 三等奖：（一名） 天然蚕丝被+获奖证书  爱奇艺VR眼镜+获奖证书 榨汁机+获奖证书 三选一                                                                                                                                                                                                                    参与奖：参与奖根据活动人数而定 50人以上4~5名有参与奖，100人以上4~10名有参与奖。 参与奖获得权限：58票有获得参与奖资格报名时间：2020.06.13      截止时间：2020.06.22投票时间：2020.06.15      截止时间：2020.06.22                                                                                             规则：参与者可以上传任意1-5张真实照片，可以是任意作品的图片哦。可以后期美化，来啦活动开始报名啦小宝贝们，一个活动，把自己的作品照片放上来就可能赢取大奖，风格种类不限奥~还在等什么呢？➕群:513014062可以咨询哦! post by 葱花小傻子/倩倩很凶🐷
<2020-07-11 13:36:20> [INFO]  Try to delete reply 花椒直播交友厅招收主持，主播。工作时间自由无限制，福利多待遇高，全职兼职皆可，话多有手机即可（不用露脸 公主病勿扰）v：19137597181 post by 烈酒我喝一杯杯/-子墨
<2020-07-11 13:36:24> [INFO]  Try to delete reply 有没有杭州市的小姐姐，免费赠送新款洛丽塔小裙裙，价值两千，有需要的小姐姐加我微dca401私聊，懂的加 post by 蹁跹少爷/贴吧用户_aU97XQJ
<2020-07-11 13:36:56> [INFO]  Try to delete reply 淘宝店铺：仓鼠格格屋团名：《仓鼠团子》Lolita昼夜星辰分享图片到3个群或集赞30赠送同款手袖 post by 嘤嘤哈怪/ლ嘤嘤哈怪
<2020-07-11 13:36:59> [INFO]  Try to delete reply 没有闺房 post by 我是小女孩阿/None
<2020-07-11 13:37:27> [INFO]  Try to delete reply 招秀场主播，才艺主播，带货主播薪资待遇无责任保底5000每天直播6小时 可分开播 每月休息4-5天 自由安排 有无经验均可 运营一对一培训指导 上推荐 热门 我公司直播收入稳定 提供舒适优雅工作环境和直播设备 免费培训声乐舞蹈才艺 。 post by 又青右/不灵是哥哥◎
<2020-07-11 13:38:48> [INFO]  Try to delete reply 这里出定金自刀20出，官博说六月份有先行尾款尾款直接走代付填你地址 post by 桔子最可爱了/None
<2020-07-11 13:39:36> [INFO]  Try to delete reply 扣扣租号兼职，招散户代理，价格好，点子稳定，位置多多 post by /Hyt◎
<2020-07-11 13:40:03> [INFO]  Try to delete reply ddddd post by freeShhwbsh/无锡先下😍
<2020-07-11 13:40:10> [INFO]  Try to delete reply 线下妹妹dd我 post by 啦啊啦啦时代/None
<2020-07-11 13:40:34> [INFO]  Try to delete reply 疫情影响，工作室大量招人，不限时间地点，自由在家可做，需要私聊我 post by 郝嘉轩123/浅夏未至🌺
<2020-07-11 13:40:34> [INFO]  Try to delete thread 啊！这样好像有点脱离吧题想咨询一下嗷 为爱发电 选择了学设计 post by 猫尛儿/奶里奶气🍒
<2020-07-11 13:40:52> [INFO]  Try to delete reply #Lolita# #洛丽塔# #小红帽# 【安利向】喵猫软糖原创Lolita店设计图我超级爱顺便分享一下蹲群的消息qwq1.店阻十三号去和工厂谈做样衣！（没见过如此速度的店阻）2.只要买了意向金，就送衣架和防尘袋（拉链款），还抵定金20r，在定金出来之前随时可退！只要十元！（样衣出来不喜欢还可以退！！！）3.裙子的大全套有 一件狼耳朵外套，一件op，一个边夹~一个狼耳朵发带，一个蝴蝶结尾巴，一个皮腰封，一个围裙，8个蝴蝶结，一个狼尾巴~堪比华丽款。4.现在购买意向金还会拥有阶梯式的满减，这不心动吗！现在不买更待何时啊！心动不如行动！姐妹们冲啊！ post by 久伴青竹/None
<2020-07-11 13:41:23> [INFO]  Try to delete reply #小红帽#【安利向】店铺：喵猫软糖原创Lolita店设计图超级好看顺便分享一下蹲群的消息qwq1.店阻十三号去和工厂谈做样衣！（没见过如此速度的店阻）2.只要买了意向金，就送衣架和防尘袋（拉链款），还抵定金20r，在定金出来之前随时可退！只要十元！3.裙子的大全套有 一件狼耳朵外套，一件op，一个边夹~一个狼耳朵发带，一个蝴蝶结尾巴，一个皮腰封，一个围裙，8个蝴蝶结，一个狼尾巴~4.秋冬款！！！p1QQ群，p4安利图姐妹们冲啊！ post by 天生幼稚猫/贴吧用户_7J8KWGy
<2020-07-11 13:41:23> [INFO]  Try to delete reply  post by 天生幼稚猫/贴吧用户_7J8KWGy
<2020-07-11 13:41:25> [INFO]  Try to delete reply 第一次在lo吧看见这么好看的 post by 我是小女孩阿/None
<2020-07-11 13:41:28> [INFO]  Try to delete reply 姐姐真好看呀 咋没买这种呀 post by 我是小女孩阿/None
<2020-07-11 13:41:43> [INFO]  Try to delete reply 我妹也是活该。我反正没在转转上买过，他还和对方线下交易了80。那人现在还不承认有给过他80块钱。 post by 遇仟/None
<2020-07-11 13:41:58> [INFO]  Try to delete reply 招募声音主播（不露脸）招募星秀主播（露脸）多人语音直播间声音好听 聊天有气氛跟直播间大哥聊天不怯场保底3000-8000预计收入1万到5万门槛低一手机一个耳机才艺 声优 小姐姐优先情商高 优先可以在家 需要单独空间包培训 无押     提成日结周结月结都可 post by 晚灯梦里/我是帅哥😄😫
<2020-07-11 13:42:13> [INFO]  Try to delete reply 请问要裹小脚吗？ post by 05后少年刘俊生/None
<2020-07-11 13:42:27> [INFO]  Try to delete reply 重庆，大叔，离异，诚意找个长期的女朋友，可给女友提供经济帮助，意者请滴滴私信联系。 post by ff4166/重庆大叔😄
<2020-07-11 13:42:41> [INFO]  Try to delete reply 购物省钱 分享赚钱  看懂的＋ post by /无味233ლ
<2020-07-11 13:42:46> [INFO]  Try to delete reply 购物省钱 分享赚钱  看懂的＋ post by /无味233ლ
<2020-07-11 13:43:13> [INFO]  Try to delete reply 打了两年LOL还是在白银，害。。。。我太难了我。。。。。有木有厉害的小哥哥带我噢【 post by 5铁渣/star五五♂
<2020-07-11 13:44:21> [INFO]  Try to delete reply 高价回收一切大小号微 ❤️，有闲置不用的🐭可以来找我换💰，年份越高价越高，诚信做人，品德做事，欢迎各位朋友前来光顾 post by 江川_收号大咖/江川☞收
<2020-07-11 13:44:58> [ERROR]  Failed to get threads in lolita!
<2020-07-11 13:45:06> [INFO]  Try to delete reply 小姐姐们看看我好吗，ddddd私聊我 post by freeShhwbsh/无锡先下😍
<2020-07-11 13:46:07> [INFO]  Try to delete reply 招募声音主播（不露脸）招募星秀主播（露脸）多人语音直播间声音好听 聊天有气氛跟直播间大哥聊天不怯场保底3000-8000预计收入1万到5万门槛低一手机一个耳机才艺 声优 小姐姐优先情商高 优先可以在家 需要单独空间包培训 无押     提成日结周结月结都可 post by 晚灯梦里/我是帅哥😄😫
<2020-07-11 13:46:38> [INFO]  Try to delete reply 闲着也是闲着不如跟小姐姐进群来学习抖音快手短视频剪辑制作，日常生活Vlog，情侣视频剪辑，旅行Vlog，趣味创意视频。和一些日常拍摄的使用小技巧哦，重要的是免费的呢，零基础也是非常容易上手哦，资源共享呢！有没有感兴趣得，快来滴滴我丫 post by 女口田木smile/跟着光JG🍒
<2020-07-11 13:47:21> [INFO]  Try to delete reply 购物省钱 分享赚钱 看懂的＋ post by /无味233ლ
<2020-07-11 13:47:31> [ERROR]  Failed to get threads in lolita!
<2020-07-11 13:47:44> [INFO]  Try to delete reply 泡泡机，一箱60个  盒装 带电池，背带，包邮，晚上9点前给单号！急单，催单不接……需要抓紧，价格11 post by 打工仔福明/跟我回重庆🌟
<2020-07-11 13:49:13> [INFO]  Try to delete reply 加好友进比特币合约交流群 post by 呼哎呦我去啊/博大表哥说币♤
<2020-07-11 13:49:53> [INFO]  Try to delete reply 大家好，有兴趣学习人物画，风景画，手绘，水彩，插画，素描，等绘画的嘛，感兴趣的可以加我：wyn15732853896 现在只需要一元就可以享受到30节课程，不限时间，不限地点 post by ff绘画社团/贴吧用户_54U1GtW
<2020-07-11 13:49:59> [INFO]  Try to delete reply 招募声音主播（不露脸）招募星秀主播（露脸）多人语音直播间声音好听 聊天有气氛跟直播间大哥聊天不怯场保底3000-8000预计收入1万到5万门槛低一手机一个耳机才艺 声优 小姐姐优先情商高 优先可以在家 需要单独空间包培训 无押     提成日结周结月结都可 post by 晚灯梦里/我是帅哥😄😫
<2020-07-11 13:50:44> [INFO]  Try to delete reply 👇线下同款售卖价399元起GMC和大牌FILA同厂同料～100%精选美国匹马棉，衣领50次机洗不变形！限时秒杀价💰59元起买2件还送一件GMC经典T恤！！复製(2jSb1tGY9nc),用【Tao·寳】下单 post by 0_1_2_3_4a_B_c/佩琪小猪😜
<2020-07-11 13:50:49> [INFO]  Try to delete reply 招秀场主播，才艺主播，带货主播薪资待遇无责任保底5000每天直播6小时 可分开播 每月休息4-5天 自由安排 有无经验均可 运营一对一培训指导 上推荐 热门 我公司直播收入稳定 提供舒适优雅工作环境和直播设备 免费培训声乐舞蹈才艺 。 post by 又青右/不灵是哥哥◎
<2020-07-11 13:51:18> [INFO]  Try to delete reply 接高p 有意dd post by 毕竟苏瞳超可爱/苏瞳超可爱🐷
<2020-07-11 13:51:48> [INFO]  Try to delete reply 缺钱卖照片呀 梦 post by 我是小女孩阿/None
<2020-07-11 13:52:58> [INFO]  Try to delete reply 还不是看你漂亮  你要是丑成猪的话 post by 我是小女孩阿/None
<2020-07-11 13:52:59> [INFO]  Try to delete reply 还不是看你漂亮  你要是丑成猪的话 post by 我是小女孩阿/None
<2020-07-11 13:53:33> [INFO]  Try to delete reply  post by 且行且思的猫/None
<2020-07-11 13:54:02> [INFO]  Try to delete reply 招募声音主播（不露脸）招募星秀主播（露脸）男女都要多人语音直播间声音好听 聊天有气氛跟直播间大哥聊天不怯场保底3000-8000预计收入1万到5万门槛低一手机一个耳机才艺 声优 小姐姐优先情商高 优先可以在家 需要单独空间包培训 无押     提成日结周结月结都可 post by 晚灯梦里/我是帅哥😄😫
<2020-07-11 13:54:04> [INFO]  Try to delete reply 有无说话好听的小哥哥小姐姐想做语音直播的 闲着也是闲着 不限制时间 有麦序福利 线上就能做 工资日结 只要年满18 有耐心 想赚钱就可以啦 直接加v wdsr20000426 post by 一只澈咩/None
<2020-07-11 13:55:01> [ERROR]  Failed to get threads in lolita!
<2020-07-11 13:55:11> [INFO]  Try to delete reply 萌新想问一下，有什么好看的黑色的小裙子可以入手的！！！求店名和裙子预算500以内dd post by 丿Van灬猪/None
<2020-07-11 13:55:12> [INFO]  Try to delete reply dd，QQ大量要号，单号45，3号每个55，5个以上每个65，进群了解了解【图片】【图片】 post by /Hyt◎
<2020-07-11 13:56:59> [INFO]  Try to delete reply  post by 且行且思的猫/None
<2020-07-11 13:57:09> [INFO]  Try to delete reply 招募声音主播（不露脸）招募星秀主播（露脸）男女都要多人语音直播间声音好听 聊天有气氛跟直播间大哥聊天不怯场保底3000-8000预计收入1万到5万门槛低一手机一个耳机才艺 声优 小姐姐优先情商高 优先可以在家 需要单独空间包培训 无押     提成日结周结月结都可 post by 晚灯梦里/我是帅哥😄😫
<2020-07-11 13:57:15> [INFO]  Try to delete reply 为了方便小姐姐们出物换物Lolita相关，组建了一个群哦，快来看看 post by dreamzmr123/怪才姐姐😈
<2020-07-11 13:57:28> [INFO]  Try to delete reply 好可爱呀姐姐亲手做的嘛 post by 我是小女孩阿/None
<2020-07-11 13:59:04> [INFO]  Try to delete reply dd  伸手自打想蹲蹲最近有什么店家出福袋或者是b品清仓啥的来自：tieba.baidu.com/p/6719639177 post by 緣塵年間/None
<2020-07-11 14:00:00> [INFO]  Try to delete reply 集美，我就是南昌的呀！ post by 本名刘波/波波酱萌萌哒🐶
<2020-07-11 14:00:00> [INFO]  Try to delete reply 可以交个朋友吗，仙女姐妹 post by 本名刘波/波波酱萌萌哒🐶
<2020-07-11 14:00:00> [INFO]  Try to delete reply 你没有男朋友吗？ post by 本名刘波/波波酱萌萌哒🐶
<2020-07-11 14:00:02> [INFO]  Try to delete reply 集美，我就是南昌的呀！ post by 本名刘波/波波酱萌萌哒🐶
<2020-07-11 14:00:02> [INFO]  Try to delete reply 可以交个朋友吗，仙女姐妹 post by 本名刘波/波波酱萌萌哒🐶
<2020-07-11 14:00:02> [INFO]  Try to delete reply 你没有男朋友吗？ post by 本名刘波/波波酱萌萌哒🐶
<2020-07-11 14:00:50> [INFO]  Try to delete reply 洛丽塔交流Qq群有没有进的呀？ post by 魅力某某数据库/洪荒少女啊😄
<2020-07-11 14:01:50> [INFO]  Try to delete reply 帽子别买 太鸡 巴 难看了 post by 我是小女孩阿/None
<2020-07-11 14:01:52> [INFO]  Try to delete reply 帽子别买 太鸡 巴 难看了 post by 我是小女孩阿/None
<2020-07-11 14:02:10> [INFO]  Try to delete reply 出zj家的塞壬op海蓝色单裙s码就穿过一次因为我高估我的身高了可刀可刀480出不包邮走咸鱼可以私聊看裙子照片 post by 肆柒柒一号/None
<2020-07-11 14:02:14> [INFO]  Try to delete reply 出zj家的塞壬op海蓝色单裙s码就穿过一次因为我高估我的身高了可刀可刀480出不包邮走咸鱼可以私聊看裙子照片 post by 肆柒柒一号/None
<2020-07-11 14:02:52> [INFO]  Try to delete reply  post by 沈阳最宠爱/沈阳最宠爱😄
<2020-07-11 14:03:31> [INFO]  Try to delete reply dd  伸手自打想蹲蹲最近有什么店家出福袋或者是b品清仓啥的来自：tieba.baidu.com/p/6719639177 post by 緣塵年間/None
<2020-07-11 14:05:00> [INFO]  Try to delete reply 原价出古董人偶op酒红M码 无小物 全新带吊牌 虎斑猫奶上橘M码 有一对猫耳 全部走闲鱼可分期不刀不包邮 有意再私聊 post by 幸运的十年i/草莓喜欢伯贤-
<2020-07-11 14:06:21> [INFO]  Try to delete reply 人家蹭个14岁被包养的全民热度不是更快？何必去蹭个只有杨名在lo圈里的热度？明显就是觉得穿错衣服没多大事，反而被喷不理解。还觉得网友态度恶劣的问题。拿现实里问问有没必要一人穿假货，万人骂上门的吧？你们也太可怕了。合着一个买了假货的人，被买了正货的人骂的问题。只能说lo圈正版意识真是强 post by 粉黛不知/青灯行♂
<2020-07-11 14:08:34> [INFO]  Try to delete reply 价格舒服的一批，欢迎骚扰，通过3个号每个55，5个以上65每个号 post by /Hyt◎
<2020-07-11 14:08:48> [INFO]  Try to delete reply 接陪玩 定位 把付 段付 包天，手里刚完单，下单即开打，青铜到王者，可指定英雄位置，高效率接一切，信誉比什么都重要，诚信是金，全天在线24小时接，价格好商量 post by LOL陪玩代钻下/LOL陪玩代💯
<2020-07-11 14:10:26> [INFO]  Try to delete reply 在玩韩服LOL 或者想玩韩服的召唤师，欢迎进群开黑交流， 群里有韩服LOL官网安装包，解决所有韩服登录问题。【图片】【图片】 post by 韩服LOL代注册/韩服LOL🍀
<2020-07-11 14:11:05> [INFO]  Try to delete reply 等着你哭唧唧的 post by 我是小女孩阿/None
<2020-07-11 14:11:06> [INFO]  Try to delete reply 等着你哭唧唧的 post by 我是小女孩阿/None
<2020-07-11 14:11:29> [INFO]  Try to delete reply 游戏招托10-20名，坐享超级福利，让您体验一个游戏托与普通玩家的区别体验+QQ：2294431147   暗号00 post by Immortality81/None
<2020-07-11 14:11:46> [INFO]  Try to delete reply 仅在家试穿不过三分钟，白菜价包邮 post by 淡墨酱/None
<2020-07-11 14:11:48> [INFO]  Try to delete reply 仅在家试穿不过三分钟，白菜价包邮 post by 淡墨酱/None
<2020-07-11 14:12:32> [INFO]  Try to delete reply 富婆 post by 我是小女孩阿/None
<2020-07-11 14:12:34> [INFO]  Try to delete reply 富婆 post by 我是小女孩阿/None
<2020-07-11 14:12:49> [INFO]  Try to delete reply 🤘我们招主播！招颜值主播！招才艺主播！招二次元主播！招舞蹈主播！招各种各样的主播！！无责保底5k~10k可全职，也可以线上兼职，人性化的管理机制，免费一对一培训、宣传、包装，免费提供设备，免费提供场地，不收取任何费用，公司优势资源:线上推广、推荐、扶持、上热门、 评级；专业团队策划、包装和推广；线下商演、活动、走秀、微电影新人没粉丝不知道怎么直播？别担心，公司配有专业的经纪人为你量身定制，手把手教你掌握直播技巧。欢迎打扰！！ post by 又青右/不灵是哥哥◎
<2020-07-11 14:13:00> [INFO]  Try to delete thread 收徒教学板绘绘画，画二次元萝莉风格 post by 九九爱你0/国漫崛起😘
<2020-07-11 14:14:50> [INFO]  Try to delete reply  post by 我是小女孩阿/None
<2020-07-11 14:15:29> [INFO]  Try to delete reply 接线下的来，私聊我 post by 玩求啊/None
<2020-07-11 14:15:38> [INFO]  Try to delete reply 接线下的来，私聊我 post by 玩求啊/None
<2020-07-11 14:15:42> [INFO]  Try to delete reply 群宣群宣！这里是以lo圈为主的社群！[群里目前100多个小姐姐]. 重点！带图进群！摸鱼的尸体不要！撩妹的不要！诚心扩招活跃的！想到我在补充 post by 大而热i/None
<2020-07-11 14:16:20> [INFO]  Try to delete reply 来个能接线下的，私聊我 post by 玩求啊/None
<2020-07-11 14:16:46> [INFO]  Try to delete reply 招募声音主播（不露脸）招募星秀主播（露脸）男女都要多人语音直播间声音好听 聊天有气氛跟直播间大哥聊天不怯场保底3000-8000预计收入1万到5万门槛低一手机一个耳机才艺 声优 小姐姐优先情商高 优先可以在家 需要单独空间包培训 无押     提成日结周结月结都可 post by 晚灯梦里/我是帅哥😄😫
<2020-07-11 14:17:53> [INFO]  Try to delete reply 啥意思 爸爸闷了 穿lo裙不能干活 post by 我是小女孩阿/None
<2020-07-11 14:17:53> [INFO]  Try to delete reply 温暖温暖叔叔也可以呀 好看呀 post by 我是小女孩阿/None
<2020-07-11 14:18:22> [INFO]  Try to delete reply 地址。 post by 卜叶姬/None
<2020-07-11 14:18:34> [INFO]  Try to delete reply 接线下的有没有，私聊一下呗 post by 玩求啊/None
<2020-07-11 14:18:36> [INFO]  Try to delete reply 有没有接线下的，私聊一下呗 post by 玩求啊/None
<2020-07-11 14:18:49> [INFO]  Try to delete reply 是我站的不够高还是卖的不够贵？为什么不来看看4⃣5⃣超值兔包？（狗头）618活动45一只非偏远包邮全新超值白菜兔包，40cm中等容量三个颜色可以选择，下单送小礼物（45一个兔包加身上蝴蝶结，没有链子，身上扣链子的地方拿条链子就能出门，可双肩）少量现货，先到先得，隔天发货，售完不补手作商品，制作不易，理性下单，不退不换（实物真的超可爱，照不出来我哭了，可以咸鱼微信支付宝购买） post by 阿芙月月/梨绘央央😈
<2020-07-11 14:19:25> [INFO]  Try to delete reply 参见公主殿下 post by 我是小女孩阿/None
<2020-07-11 14:19:37> [INFO]  Try to delete reply 有没有小姐姐喜欢拍照，或者视频剪辑的，有想学的滴滴我，免费教，还送资料呦 post by 小只逗/小橘猫同学☜
<2020-07-11 14:19:38> [INFO]  Try to delete reply 有没有相约修图，摄影后期，剪辑的小姐姐，建了一个交流群，里面也会发一些大家的经验，也会有免费的资源，有需要的可以加我v：xShiTongXie拉你进群 post by 小只逗/小橘猫同学☜
<2020-07-11 14:19:48> [ERROR]  Failed to get threads in lolita!
<2020-07-11 14:20:19> [INFO]  Try to delete reply 招募声音主播（不露脸）招募星秀主播（露脸）男女都要多人语音直播间声音好听 聊天有气氛跟直播间大哥聊天不怯场保底3000-8000预计收入1万到5万门槛低一手机一个耳机才艺 声优 小姐姐优先情商高 优先可以在家 需要单独空间包培训 无押     提成日结周结月结都可 post by 晚灯梦里/我是帅哥😄😫
<2020-07-11 14:20:36> [INFO]  Try to delete reply 都不穿 post by 我是小女孩阿/None
<2020-07-11 14:21:05> [INFO]  Try to delete reply 真的nt post by 05后少年刘俊生/None
<2020-07-11 14:21:09> [INFO]  Try to delete reply 没几个可爱的 都是一些 post by 我是小女孩阿/None
<2020-07-11 14:21:13> [INFO]  Try to delete reply 大家可以去【魔豆湾】，唯一拥有小程序的摄影约拍、旅拍、街拍、视觉作品创作平台！大量专业摄影师、化妆师、设计师、模特、素人、cosplay、jk、lolita、汉服、摄影爱好者，自由组合！一起约拍，一起追光逐影，一起创作得意作品！还可以接通告做兼职赚钱哦！！！ post by 慕容山柳1986/None
<2020-07-11 14:21:50> [INFO]  Try to delete reply 闲置的QQ每天可以出租还钱啦，进群了解 post by /Hyt◎
<2020-07-11 14:22:37> [INFO]  Try to delete reply 挺好看的啊 post by 我是小女孩阿/None
<2020-07-11 14:23:30> [INFO]  Try to delete reply  post by 我是小女孩阿/None
<2020-07-11 14:23:40> [INFO]  Try to delete reply 打扰来lolita吧～unKnown Dreamer 创想屋新店，尝试不同风格，目前新品lolita衬衫正在打版～一切都是新开始，感恩 post by 兔弟弟弟弟/None
<2020-07-11 14:24:09> [INFO]  Try to delete reply 真实可靠的兼职网络平台！！！~招抖音视频作品点赞评论员工作内容：①给商家指定的抖音用户作品点赞评论，帮作品上热门涨粉②点赞一单0.5-2元，日薪80-150没有问题③时间自由，单量不限，多劳多得④工资日结，不收押金，不收会费联系Q：26756  36480 post by 真的是太烦了8/None
<2020-07-11 14:24:15> [INFO]  Try to delete reply 做我女朋友呗 post by 我是小女孩阿/None
<2020-07-11 14:24:29> [INFO]  Try to delete reply 接陪玩 定位 把付 段付 小时付 包天（建议把付），贴在人在，下单即开打，主页信誉图每天会更新交单反馈 。青铜到王者，可指定英雄位置，高效率接一切，全网无黑，争取做到一单一朋友，信誉比什么都重要，诚信是金，贴在人在，在线24小时接，昨天刚打完的一个单，主中副野ad铂金乱杀，价格好商量让老板觉得合适 post by LOL陪玩代钻下/LOL陪玩代💯
<2020-07-11 14:24:41> [INFO]  Try to delete reply 招募声音主播（不露脸）招募星秀主播（露脸）男女都要多人语音直播间声音好听 聊天有气氛跟直播间大哥聊天不怯场保底3000-8000预计收入1万到5万门槛低一手机一个耳机才艺 声优 小姐姐优先情商高 优先可以在家 需要单独空间包培训 无押     提成日结周结月结都可 post by 晚灯梦里/我是帅哥😄😫
<2020-07-11 14:24:53> [INFO]  Try to delete reply 6.2成都 线下 有么 私聊 给个联系方式 我加你 post by /空城旧巷1-
<2020-07-11 14:25:21> [INFO]  Try to delete reply 要开新店啦，有图纸的小宝贝们来私聊我呀。快来砸我呀 post by happyying9999/None
<2020-07-11 14:25:24> [INFO]  Try to delete reply 欢迎妹妹姐姐加入聊天交友 世界多恶心变态 这里有帅哥教防狼 男人勿入 欢迎欢迎 今晚八点有塔罗牌占卜活动噢 post by 灰灰君大大/灰灰君😇
<2020-07-11 14:26:15> [INFO]  Try to delete reply cpdd 等一个lo post by 兜转77/小小星月-
<2020-07-11 14:26:48> [INFO]  Try to delete reply 各種醫美面膜 正品保證 美麗小姐姐康康我～ post by lihemua/可乐加冰🍒🍦
<2020-07-11 14:30:04> [INFO]  Try to delete reply 招募声音主播（不露脸）招募星秀主播（露脸）男女都要多人语音直播间声音好听 聊天有气氛跟直播间大哥聊天不怯场保底3000-8000预计收入1万到5万门槛低一手机一个耳机才艺 声优 小姐姐优先情商高 优先可以在家 需要单独空间包培训 无押     提成日结周结月结都可 post by 晚灯梦里/我是帅哥😄😫
<2020-07-11 14:30:05> [INFO]  Try to delete reply 【200510】收！未完之书绿色表面咒语xd收，急出的小姐姐可以找我s或者m码都可以，灰绿色，不要有明显瑕疵我都可以接受，sk＋腰封＋斗篷 必须有，其他的我看情况收 收未完之书，链接还在就是还在收，请带价私聊，谢谢～ post by o槝/None
<2020-07-11 14:30:06> [INFO]  Try to delete reply 【200510】收！未完之书绿色表面咒语xd收，急出的小姐姐可以找我s或者m码都可以，灰绿色，不要有明显瑕疵我都可以接受，sk＋腰封＋斗篷 必须有，其他的我看情况收 收未完之书，链接还在就是还在收，请带价私聊，谢谢～ post by o槝/None
<2020-07-11 14:31:50> [INFO]  Try to delete reply 还有一个是啥 post by 我是小女孩阿/None
<2020-07-11 14:32:11> [INFO]  Try to delete reply 退坑出衣有意私聊都在八成新以上。 post by 鐧藉厰鐮葛煇/白兔砸🍒
<2020-07-11 14:34:00> [INFO]  Try to delete reply 有没有一起打比赛的 每个星期都有英雄联盟5v5 云顶棋王争霸赛 王者荣耀5v5 免费报名 获胜队伍现金奖励 兄弟们加我 post by BYQYXBR/李知恩宝贝🐷
<2020-07-11 14:36:21> [INFO]  Try to delete reply  post by 水晶鞋吃了王子/灰姑娘🎃小王子
<2020-07-11 14:36:29> [INFO]  Try to delete reply  post by liu7667狮子/艾瑞芭迪♋
<2020-07-11 14:37:31> [INFO]  Try to delete reply 我 操 post by 我是小女孩阿/None
<2020-07-11 14:37:32> [INFO]  Try to delete reply 我 操 post by 我是小女孩阿/None
<2020-07-11 14:38:11> [INFO]  Try to delete reply 可以帮我看看吗 post by memory十三/None
<2020-07-11 14:38:14> [INFO]  Try to delete reply 一，黑色珍珠公主，茶会先行团，马上就出货了，全款出，也可以出定金，尾款代付，茶会比网贩多送一个100多块的大边夹，被跑单产物没错，本来出掉了然后被跑单了，虽然是原价出，但是茶会门票400多就约了一条裙子已经很🔪了 post by 零思瞬/None
<2020-07-11 14:38:15> [INFO]  Try to delete reply 咸鱼号，求了解一下QAQ post by 零思瞬/None
<2020-07-11 14:38:33> [INFO]  Try to delete reply 已经不记得多少次来苏州出差了！第一个女朋友是苏州的对这坐城市很有感情！每次来都想起曾经的回忆。这次又来苏州了！希望在这里可以寻觅一个女孩子。你要钱也可以要物质也可以，谈感情也可以你只要你够可爱！我命都是你的！有意的私聊吧。90年大叔留… post by 我勒个起来/🌵花非花💤
<2020-07-11 14:40:16> [INFO]  Try to delete reply 招收LOL，pei玩，详情加微信 post by /贴吧用户_QNSaJ5P
<2020-07-11 14:40:27> [INFO]  Try to delete reply 【同好交流招募】建了一个二次元同好交流群，主要是江浙沪地区的摄影和coser以及咸鱼(我)，群内人数到达100，群里会抽奖送LOLITA罩衫，就酱!门牌号：132/188/243 post by 欲年1/None
<2020-07-11 14:40:38> [INFO]  Try to delete reply 寻找共同喜爱制作手办的朋友，微信建了一个制作手办学习交流群，分享一些我的一些制作小技巧以及经验，加我我拉你。 post by 莫名的843/None
<2020-07-11 14:41:13> [INFO]  Try to delete reply 好看欧   姐姐你胸多大 post by 我是小女孩阿/None
<2020-07-11 14:41:21> [INFO]  Try to delete thread 我是设计专业毕业生，再学校的时候社团学习设计，也报过培训班， post by 爱_你回眸多娇/爱_你回眸多娇
<2020-07-11 14:41:31> [INFO]  Try to delete reply 【收渔老板赴约】收第三团，小码定金83收，也可以收现货和送的头纱如果是定金，尾款走代付。如果是现货，收货了可戳我 post by 金汤肥牛泡面/云烟🍒
<2020-07-11 14:41:46> [INFO]  Try to delete reply 有对手办感兴趣的小伙伴吗，我们几位资深老玩家建了一个手办交流群，一起交流一起分享，欢迎志同道合的小伙伴前来加入，滴滴我，拉你进咱们的交流群呀 post by /小家碧玉🌳
<2020-07-11 14:42:01> [INFO]  Try to delete reply  post by 05后少年刘俊生/None
<2020-07-11 14:42:01> [INFO]  Try to delete reply  post by 05后少年刘俊生/None
<2020-07-11 14:42:39> [INFO]  Try to delete reply 就直接让对方拍了定金，然后尾款走代付改地址就行了 post by gycx325/糕糕不是坏人-
<2020-07-11 14:43:15> [INFO]  Try to delete reply 下面那个叫啥 post by 我是小女孩阿/None
<2020-07-11 14:43:27> [ERROR]  KeyError: Failed to get posts of 610290582
<2020-07-11 14:43:49> [INFO]  Try to delete reply 你出定了 买家买了你直接点发货（大概是无需寄件，面交哪儿）提前说好要买家确认收货 然后到尾款时间去叫她补尾款 尾款走代付就ok了 post by 懃懃酱/None
<2020-07-11 14:44:35> [INFO]  Try to delete reply 招募声音主播（不露脸）招募星秀主播（露脸）多人语音直播间声音好听 聊天有气氛跟直播间大哥聊天不怯场保底3000-8000预计收入1万到5万门槛低一手机一个耳机才艺 声优 小姐姐优先情商高 优先可以在家 需要单独空间包培训 无押     提成日结周结月结都可 post by 晚灯梦里/我是帅哥😄😫
<2020-07-11 14:44:58> [INFO]  Try to delete reply 神仙妹妹 post by 我是小女孩阿/None
<2020-07-11 14:45:23> [INFO]  Try to delete reply 叔叔教教我 post by 我是小女孩阿/None
<2020-07-11 14:45:32> [INFO]  Try to delete reply 有没有学ps的呀，资料教程！留言就送！不要犹豫，不学白不学，冲鸭！！ post by 喜欢到逃避/山贼王🐨
<2020-07-11 14:46:37> [INFO]  Try to delete reply 也有不嫌的 post by 我是小女孩阿/None
<2020-07-11 14:46:38> [INFO]  Try to delete reply 妹纸下次试试别的型，会好些 post by 倦夜千雪/None
<2020-07-11 14:47:20> [INFO]  Try to delete reply 爱丽丝游戏 post by 我是小女孩阿/None
<2020-07-11 14:47:20> [INFO]  Try to delete reply  post by 我是小女孩阿/None
<2020-07-11 14:48:13> [INFO]  Try to delete reply 京东618叠蛋糕互助打广告的勿加 post by 就哈哈哈哈g/😁有淘宝优惠券
<2020-07-11 14:49:20> [INFO]  Try to delete reply 招募声音主播（不露脸）招募星秀主播（露脸）多人语音直播间声音好听 聊天有气氛跟直播间大哥聊天不怯场保底3000-8000预计收入1万到5万门槛低一手机一个耳机才艺 声优 小姐姐优先情商高 优先可以在家 需要单独空间包培训 无押     提成日结周结月结都可 post by 晚灯梦里/我是帅哥😄😫
<2020-07-11 14:50:00> [INFO]  Try to delete reply 灰姑娘！ post by 05后少年刘俊生/None
<2020-07-11 14:50:08> [INFO]  Try to delete reply 钓高级的鱼 post by 我是小女孩阿/None
<2020-07-11 14:50:27> [INFO]  Try to delete thread 有要进群学习绘画的吗，群里面可以无偿学习素描 彩铅 水彩 漫 post by KLoveStefani/KLove💕
<2020-07-11 14:50:31> [INFO]  Try to delete reply 扩列！妹妹 post by 05后少年刘俊生/None
<2020-07-11 14:50:32> [INFO]  Try to delete reply 扩列！妹妹 post by 05后少年刘俊生/None
<2020-07-11 14:50:42> [INFO]  Try to delete reply 大家好，我是一个手办爱好者，最近建了一个手办交流群，诚邀大家一起交流一起玩，加我好友我拉你 post by 莫名的843/None
<2020-07-11 14:51:02> [INFO]  Try to delete reply 有对ps感兴趣的小伙伴嘛，我有个学习群永久免费看直播，每天三节视频公开课，还会发一些视频教程，有基础了会发些关于专业的小兼职，没事的时候可以来看看，有兴趣的私我哟。 post by 喜欢到逃避/山贼王🐨
<2020-07-11 14:51:03> [INFO]  Try to delete reply 有对ps感兴趣的小伙伴嘛，我有个学习群永久免费看直播，每天三节视频公开课，还会发一些视频教程，有基础了会发些关于专业的小兼职，没事的时候可以来看看，有兴趣的私我哟。 post by 喜欢到逃避/山贼王🐨
<2020-07-11 14:51:04> [INFO]  Try to delete reply 有没有对ps感兴趣的呀，资料教程！留言就送！毕业用不到了，免费分享啦。 post by 喜欢到逃避/山贼王🐨
<2020-07-11 14:52:01> [INFO]  Try to delete reply 试穿看看效果 post by 我是小女孩阿/None
<2020-07-11 14:52:13> [INFO]  Try to delete reply 430出天狗jsk fs＋玛丽小姐家内搭不是图上的内搭，内搭可私聊我看图不包邮！店家发的东西都在！全新仅试拍照 post by 井子小南/None
<2020-07-11 14:52:34> [INFO]  Try to delete reply 这个这个 post by 夜晓帆帆/♋听花说🍭
<2020-07-11 14:52:36> [INFO]  Try to delete reply 三叶亭家的小裙子慎入啊，，Σ(っ°Д°;)っ虽然上面打着原创但还是要小心踩雷，据说质量也不适合长期穿 post by 卿陌无双/None
<2020-07-11 14:53:31> [INFO]  Try to delete reply 万能脚 笨，实现手🐔 全自动运行，可用于刷 阅，读， 拉薪，任wu，手you，解放双手，另外带薪项目，自动聊天单平台10+ 回复就有几毛，收入多少取决聊天回复，可同时跑多平台，搭配好单手机保底50+    感兴趣+下 post by babyDm424/None
<2020-07-11 14:53:37> [INFO]  Try to delete reply 接陪玩 定位 把付 段付 小时付 包天，贴在人在，下单即开打，主页信誉图每天会更新交单反馈 。青铜到王者，可指定英雄位置，高效率接一切，全网无黑，争取做到一单一朋友，信誉比什么都重要，诚信是金，贴在人在，在线接，昨天刚打完的一个单，主中副野ad铂金乱杀，价格好商量让老板觉得合适 post by LOL陪玩代钻下/LOL陪玩代💯
<2020-07-11 14:54:36> [INFO]  Try to delete reply 音频主播 星秀主播兼职 绿色大平台 有无经验均可 保底5000 post by 晚灯梦里/我是帅哥😄😫
<2020-07-11 14:55:05> [INFO]  Try to delete reply 帮朋友出一件小裙子，自己也穿不了，有喜欢的小姐姐加他Q细聊叭，可刀 post by 梦里倾世/舟晚梦星晨💕
<2020-07-11 14:55:06> [INFO]  Try to delete reply 宅恋研纳新了，有没有人来研究恋爱啊 post by 角落的甜秋/None
<2020-07-11 14:55:42> [INFO]  Try to delete reply 接陪玩 定位 把付 段付 小时付 包天，贴在人在，下单即开打，主页信誉图每天会更新交单反馈 。，青铜到王者，可指定英雄位置，高效率接一切，全网无黑，争取做到一单一朋友，信誉比什么都重要，诚信是金，贴在人在，在线接，昨天打的一个小号一个单可以看一看，铂金乱杀，白银排铂金黄金排钻石 post by LOL陪玩代钻下/LOL陪玩代💯
<2020-07-11 14:58:31> [INFO]  Try to delete reply 音频主播 星秀主播兼职 绿色大平台 有无经验均可 保底5000 post by 晚灯梦里/我是帅哥😄😫
<2020-07-11 14:58:42> [INFO]  Try to delete reply #吧主置顶娜美# 💊/收号💊/包赔💊/人脸💊保号收各种/闲置💊威信💊 post by /东升工作室◎
<2020-07-11 14:58:55> [INFO]  Try to delete reply 坐标杭州，专业生产 JK （刀口锋利，不炸褶）lolita   各种 潮牌服饰    可制版 样衣    一条龙，可接小单。加下方VX post by 蝶衣服装设计/蝶衣服装设计😍
<2020-07-11 14:59:19> [INFO]  Try to delete reply 感觉还好，没特别想冲的欲望 post by 倦夜千雪/None
<2020-07-11 14:59:40> [INFO]  Try to delete reply 趁年轻，来折腾 post by /燕子刘🍒🍒
<2020-07-11 15:00:06> [INFO]  Try to delete reply  post by 骑马过海55/骑马过海♬
<2020-07-11 15:01:46> [INFO]  Try to delete reply 一起来玩玩吧！ post by 面对疾风吧铁汁/王者联盟😜😜
<2020-07-11 15:02:49> [INFO]  Try to delete reply 留个Q post by 我是小女孩阿/None
<2020-07-11 15:03:30> [INFO]  Try to delete reply 我也在闲鱼上出了个定金，小姐姐拍下了定金，尾款填她地址她代付的，可我不知道怎样给她发货，是直接点咸鱼右上角的无需发货？还是把淘宝店家给她发的快递订单号填上？ post by 白_昼05w/None
<2020-07-11 15:05:08> [INFO]  Try to delete reply 代付了尾款 也和店家确认了地址但是一天要催我点收货三四次 我有点方 post by 恶猪咆哮嗷呜/Pink-💖
<2020-07-11 15:05:08> [INFO]  Try to delete reply 自挂，既然尾款都代付了，地址也填你那了，定金不确定留着干嘛 post by 不看我不看啦嘤/宵小🌙
<2020-07-11 15:05:15> [INFO]  Try to delete reply 长期收太炎兽和海苔 post by 超级甜的词笑/婧-Jing💕
<2020-07-11 15:05:15> [INFO]  Try to delete reply 长期慢收 post by 超级甜的词笑/婧-Jing💕
<2020-07-11 15:05:25> [INFO]  Try to delete reply 我创了个学习群，有想学习PS，UI，PR，摄影后期之类的都可我创了个学习群，有想学习PS，UI，PR，摄影后期之类的都可以加我好友。拉你进群哈😊 post by /狸花不是梨花😞
<2020-07-11 15:05:53> [INFO]  Try to delete reply  post by 黑手笨七/长腿笨七▫
<2020-07-11 15:05:58> [INFO]  Try to delete reply 我还有个问题，闲鱼有的不是转定金吗，她说尾款代付，录视频改地址，这个操作是否可行？ post by o槝/None
<2020-07-11 15:07:11> [INFO]  Try to delete reply 我就喜欢这种妹妹 post by 我是小女孩阿/None
<2020-07-11 15:07:11> [INFO]  Try to delete reply QQ还是微博关注了 post by 我是小女孩阿/None
<2020-07-11 15:07:14> [INFO]  Try to delete reply 想 出一套sc16版殿堂粉人鱼 有喜欢的妹子请dd我…… post by 我叫王大闹腾/None
<2020-07-11 15:07:50> [INFO]  Try to delete reply @小熊的裙▫  跑你主子帖子丢人现眼？不多去流水线打工吗？要不要你主子爷资助你上个成人本科啊哈哈哈哈哈农村文盲 post by 莫子卿引/None
<2020-07-11 15:08:21> [INFO]  Try to delete reply 合拍的可长期合作如果确定合作了我们会送神秘新品大全套！ post by 哈哈哈嗝太傻了/None
<2020-07-11 15:08:31> [INFO]  Try to delete reply 难 post by 我是小女孩阿/None
<2020-07-11 15:09:08> [INFO]  Try to delete reply  post by 我是小女孩阿/None
<2020-07-11 15:09:10> [INFO]  Try to delete reply  post by 我是小女孩阿/None
<2020-07-11 15:09:14> [INFO]  Try to delete reply 不好看 贼丑 post by 我是小女孩阿/None
<2020-07-11 15:09:45> [INFO]  Try to delete reply 【挂】天街107 骗子 v：wjk1314520ddd非要我走v 然后骗走我200 一直说没有单号没的东西上线已读不回 微信也是 明明上线了 就是不回复 真的***好服一天没有单号 就挂一天5.20骗子死妈的一天 还是没有单号也没有收到货物。cnm你个bz5.22骗子死妈的n天 还是没有单号没有货物已读不回我快用那200块钱给你买一个棺材5.23还是没有 已读不回 收到了一个470的等于我花了200买了一个教训。还把我拉黑神了 post by duanjunduan365/RZL◎
<2020-07-11 15:10:37> [INFO]  Try to delete reply 奶蓝熊预约拼团开始啦 post by 清晨傍晚是我/None
<2020-07-11 15:10:50> [INFO]  Try to delete reply 穿你身上真好看 post by 我是小女孩阿/None
<2020-07-11 15:10:52> [INFO]  Try to delete reply 穿你身上真好看 post by 我是小女孩阿/None
<2020-07-11 15:12:03> [INFO]  Try to delete reply 主人的任务 post by 我是小女孩阿/None
<2020-07-11 15:12:03> [INFO]  Try to delete reply 基本都是精神小妹 祖安小公主 post by 我是小女孩阿/None
<2020-07-11 15:12:25> [INFO]  Try to delete reply  post by 我是小女孩阿/None
<2020-07-11 15:13:13> [INFO]  Try to delete reply 你要不好看谁她 嘛 怕你 post by 我是小女孩阿/None
<2020-07-11 15:13:13> [INFO]  Try to delete reply 别人拍你就是盗摄 你拍别人就不是 你她喵的是 仙女咋的 post by 我是小女孩阿/None
<2020-07-11 15:13:13> [INFO]  Try to delete reply 有些狗 屎 lo娘 post by 我是小女孩阿/None
<2020-07-11 15:13:13> [INFO]  Try to delete reply 啥叫盗摄 姐姐说说 post by 我是小女孩阿/None
<2020-07-11 15:13:15> [INFO]  Try to delete reply 你要不好看谁她 嘛 怕你 post by 我是小女孩阿/None
<2020-07-11 15:13:15> [INFO]  Try to delete reply 别人拍你就是盗摄 你拍别人就不是 你她喵的是 仙女咋的 post by 我是小女孩阿/None
<2020-07-11 15:13:15> [INFO]  Try to delete reply 有些狗 屎 lo娘 post by 我是小女孩阿/None
<2020-07-11 15:13:15> [INFO]  Try to delete reply 啥叫盗摄 姐姐说说 post by 我是小女孩阿/None
<2020-07-11 15:14:19> [INFO]  Try to delete reply 音频主播 星秀主播兼职 绿色大平台 有无经验均可 保底5000 post by 晚灯梦里/我是帅哥😄😫
<2020-07-11 15:14:39> [INFO]  Try to delete reply 重大活动！！！欢迎美女们参加活动！ post by 肥宅浣浣/None
<2020-07-11 15:14:43> [INFO]  Try to delete reply 感觉你们买裙子就是 卖的 post by 我是小女孩阿/None
<2020-07-11 15:15:02> [INFO]  Try to delete reply 喜欢淘宝购物的吧友看过来！【淘宝内部红包福利群（限500人，加满即止）】群里每天定时发现金红包以及淘宝福利 post by Curedfish01/None
<2020-07-11 15:15:04> [INFO]  Try to delete reply 喜欢淘宝购物的吧友看过来！【淘宝内部红包福利群（限500人，加满即止）】群里每天定时发现金红包以及淘宝福利 post by Curedfish01/None
<2020-07-11 15:15:15> [INFO]  Try to delete reply 是裙子好看嘛？ post by 我是小女孩阿/None
<2020-07-11 15:16:13> [INFO]  Try to delete reply 你们这些母 狗 穿lo 不就是 想引叔叔们 post by 我是小女孩阿/None
<2020-07-11 15:16:13> [INFO]  Try to delete reply 这就是你说的坦克 都馋的流口水了  超想  日 的 post by 我是小女孩阿/None
<2020-07-11 15:16:14> [INFO]  Try to delete reply 你们这些母 狗 穿lo 不就是 想引叔叔们 post by 我是小女孩阿/None
<2020-07-11 15:16:14> [INFO]  Try to delete reply 这就是你说的坦克 都馋的流口水了  超想  日 的 post by 我是小女孩阿/None
<2020-07-11 15:17:01> [INFO]  Try to delete reply  post by 我是小女孩阿/None
<2020-07-11 15:17:02> [INFO]  Try to delete reply 峡谷号龙虾至臻塞纳，原区黑色玫瑰鸡里奥100级至臻剑魔，46皮肤，看中私聊，3无号无找回风险，可走平台 post by /蜘蛛king😘
<2020-07-11 15:17:20> [INFO]  Try to delete reply 你要这么多干嘛 post by 我是小女孩阿/None
<2020-07-11 15:17:22> [INFO]  Try to delete reply 你要这么多干嘛 post by 我是小女孩阿/None
<2020-07-11 15:19:04> [INFO]  Try to delete reply 我要 post by 我是小女孩阿/None
<2020-07-11 15:19:14> [INFO]  Try to delete reply 我她喵都不要  都难看 post by 我是小女孩阿/None
<2020-07-11 15:19:15> [INFO]  Try to delete reply 胸小是不是不能穿 post by 我是小女孩阿/None
<2020-07-11 15:19:53> [INFO]  Try to delete reply 你真以为是裙子可爱 post by 我是小女孩阿/None
<2020-07-11 15:19:54> [INFO]  Try to delete reply 音频主播 星秀主播兼职 绿色大平台 保底5000 post by 晚灯梦里/我是帅哥😄😫
<2020-07-11 15:20:04> [INFO]  Try to delete reply 兼职挂脸主播 大量有保底时薪10到100礼物收入全给无任务 无任何限制联系v huixinliuz扫码进群 post by 蟆黔/蟆黔
<2020-07-11 15:20:51> [INFO]  Try to delete reply 我们lo娘怎么了⊙_⊙ post by 05后少年刘俊生/None
<2020-07-11 15:20:51> [INFO]  Try to delete reply lo娘不就是姬嘛有啥了不起的 post by 我是小女孩阿/None
